Compiling the CXX compiler identification source file "CMakeCXXCompilerId.cpp" failed.
Compiler: /home/cyh/chiplab/toolchains/loongarch32r-linux-gnusf-v2.0/bin/loongarch32r-linux-gnusf-g++ 
Build flags: 
Id flags:  

The output was:
1
/home/cyh/chiplab/toolchains/loongarch32r-linux-gnusf-v2.0/bin/../lib/gcc/loongarch32r-linux-gnusf/8.3.0/../../../../loongarch32r-linux-gnusf/bin/ld: cannot find crt1.o: No such file or directory
/home/cyh/chiplab/toolchains/loongarch32r-linux-gnusf-v2.0/bin/../lib/gcc/loongarch32r-linux-gnusf/8.3.0/../../../../loongarch32r-linux-gnusf/bin/ld: cannot find crti.o: No such file or directory
/home/cyh/chiplab/toolchains/loongarch32r-linux-gnusf-v2.0/bin/../lib/gcc/loongarch32r-linux-gnusf/8.3.0/../../../../loongarch32r-linux-gnusf/bin/ld: cannot find -lstdc++
/home/cyh/chiplab/toolchains/loongarch32r-linux-gnusf-v2.0/bin/../lib/gcc/loongarch32r-linux-gnusf/8.3.0/../../../../loongarch32r-linux-gnusf/bin/ld: cannot find -lm
/home/cyh/chiplab/toolchains/loongarch32r-linux-gnusf-v2.0/bin/../lib/gcc/loongarch32r-linux-gnusf/8.3.0/../../../../loongarch32r-linux-gnusf/bin/ld: cannot find -lgcc_s
/home/cyh/chiplab/toolchains/loongarch32r-linux-gnusf-v2.0/bin/../lib/gcc/loongarch32r-linux-gnusf/8.3.0/../../../../loongarch32r-linux-gnusf/bin/ld: cannot find -lc
/home/cyh/chiplab/toolchains/loongarch32r-linux-gnusf-v2.0/bin/../lib/gcc/loongarch32r-linux-gnusf/8.3.0/../../../../loongarch32r-linux-gnusf/bin/ld: cannot find -lgcc_s
/home/cyh/chiplab/toolchains/loongarch32r-linux-gnusf-v2.0/bin/../lib/gcc/loongarch32r-linux-gnusf/8.3.0/../../../../loongarch32r-linux-gnusf/bin/ld: cannot find crtn.o: No such file or directory
collect2: error: ld returned 1 exit status


Detecting CXX compiler ABI info failed to compile with the following output:
Change Dir: /home/cyh/chiplab/build/CMakeFiles/CMakeTmp

Run Build Command(s):/usr/bin/ninja cmTC_7f8cc && [1/2] Building CXX object CMakeFiles/cmTC_7f8cc.dir/CMakeCXXCompilerABI.cpp.o
Using built-in specs.
COLLECT_GCC=/home/cyh/chiplab/toolchains/loongarch32r-linux-gnusf-v2.0/bin/loongarch32r-linux-gnusf-g++
Target: loongarch32r-linux-gnusf
Configured with: /dev/shm/build_loongarch32r-linux-gnusf_x86_64_v2.0_20230903/src/target_gcc/configure --build=x86_64-redhat-linux --host=x86_64-linux-gnu --target=loongarch32r-linux-gnusf --prefix=/dev/shm/build_loongarch32r-linux-gnusf_x86_64_v2.0_20230903/build-canadian/root/usr --with-sysroot=/dev/shm/build_loongarch32r-linux-gnusf_x86_64_v2.0_20230903/build-canadian/root/usr/loongarch32r-linux-gnusf/sysroot --with-native-system-header-dir=/usr/include --with-gxx-include-dir=/dev/shm/build_loongarch32r-linux-gnusf_x86_64_v2.0_20230903/build-canadian/root/usr/loongarch32r-linux-gnusf/sysroot/usr/include/c++ --enable-languages=c,c++,fortran --with-build-sysroot= --disable-libstdcxx --disable-libgfortran --disable-libgomp --enable-libcc1 --enable-threads=posix --enable-__cxa_atexit --enable-initfini-array --enable-nls --disable-libmpx --disable-bootstrap --with-abi=ilp32s --enable-checking=release --with-pkgversion='LoongArch GNU toolchain LA32 v2.0 (20230903)'
Thread model: posix
gcc version 8.3.0 (LoongArch GNU toolchain LA32 v2.0 (20230903)) 
COLLECT_GCC_OPTIONS='-v' '-o' 'CMakeFiles/cmTC_7f8cc.dir/CMakeCXXCompilerABI.cpp.o' '-c' '-shared-libgcc' '-mabi=ilp32s' '-march=loongarch32r' '-mfpu=none' '-msimd=none' '-mcmodel=normal' '-mtune=loongarch32r'
 /home/cyh/chiplab/toolchains/loongarch32r-linux-gnusf-v2.0/bin/../libexec/gcc/loongarch32r-linux-gnusf/8.3.0/cc1plus -quiet -v -imultilib base/ilp32s -iprefix /home/cyh/chiplab/toolchains/loongarch32r-linux-gnusf-v2.0/bin/../lib/gcc/loongarch32r-linux-gnusf/8.3.0/ -isysroot /home/cyh/chiplab/toolchains/loongarch32r-linux-gnusf-v2.0/bin/../loongarch32r-linux-gnusf/sysroot -D_GNU_SOURCE /usr/share/cmake-3.22/Modules/CMakeCXXCompilerABI.cpp -quiet -dumpbase CMakeCXXCompilerABI.cpp -mabi=ilp32s -march=loongarch32r -mfpu=none -msimd=none -mcmodel=normal -mtune=loongarch32r -auxbase-strip CMakeFiles/cmTC_7f8cc.dir/CMakeCXXCompilerABI.cpp.o -version -o /tmp/ccZ7dFgm.s
GNU C++14 (LoongArch GNU toolchain LA32 v2.0 (20230903)) version 8.3.0 (loongarch32r-linux-gnusf)
	compiled by GNU C version 8.5.0, GMP version 6.1.0, MPFR version 3.1.4, MPC version 1.0.3, isl version isl-0.18-GMP

GGC heuristics: --param ggc-min-expand=100 --param ggc-min-heapsize=131072
ignoring nonexistent directory "/home/cyh/chiplab/toolchains/loongarch32r-linux-gnusf-v2.0/bin/../lib/gcc/loongarch32r-linux-gnusf/8.3.0/../../../../loongarch32r-linux-gnusf/include"
ignoring nonexistent directory "/home/cyh/chiplab/toolchains/loongarch32r-linux-gnusf-v2.0/bin/../loongarch32r-linux-gnusf/sysroot/usr/include/c++/loongarch32r-linux-gnusf/base/ilp32s"
ignoring duplicate directory "/home/cyh/chiplab/toolchains/loongarch32r-linux-gnusf-v2.0/lib/gcc/loongarch32r-linux-gnusf/8.3.0/include"
ignoring nonexistent directory "/home/cyh/chiplab/toolchains/loongarch32r-linux-gnusf-v2.0/bin/../loongarch32r-linux-gnusf/sysroot/usr/local/include"
ignoring duplicate directory "/home/cyh/chiplab/toolchains/loongarch32r-linux-gnusf-v2.0/lib/gcc/loongarch32r-linux-gnusf/8.3.0/include-fixed"
ignoring nonexistent directory "/home/cyh/chiplab/toolchains/loongarch32r-linux-gnusf-v2.0/bin/../lib/gcc/../../lib/gcc/loongarch32r-linux-gnusf/8.3.0/../../../../loongarch32r-linux-gnusf/include"
#include "..." search starts here:
#include <...> search starts here:
 /home/cyh/chiplab/toolchains/loongarch32r-linux-gnusf-v2.0/lib/gcc/loongarch32r-linux-gnusf/8.3.0/include
 /home/cyh/chiplab/toolchains/loongarch32r-linux-gnusf-v2.0/lib/gcc/loongarch32r-linux-gnusf/8.3.0/include-fixed
 /home/cyh/chiplab/toolchains/loongarch32r-linux-gnusf-v2.0/loongarch32r-linux-gnusf/sysroot/usr/include/c++
 /home/cyh/chiplab/toolchains/loongarch32r-linux-gnusf-v2.0/loongarch32r-linux-gnusf/sysroot/usr/include/c++/backward
 /home/cyh/chiplab/toolchains/loongarch32r-linux-gnusf-v2.0/loongarch32r-linux-gnusf/sysroot/usr/include
End of search list.
GNU C++14 (LoongArch GNU toolchain LA32 v2.0 (20230903)) version 8.3.0 (loongarch32r-linux-gnusf)
	compiled by GNU C version 8.5.0, GMP version 6.1.0, MPFR version 3.1.4, MPC version 1.0.3, isl version isl-0.18-GMP

GGC heuristics: --param ggc-min-expand=100 --param ggc-min-heapsize=131072
Compiler executable checksum: 67bf4a30d1e74b930012b20c1eaf82de
COLLECT_GCC_OPTIONS='-v' '-o' 'CMakeFiles/cmTC_7f8cc.dir/CMakeCXXCompilerABI.cpp.o' '-c' '-shared-libgcc' '-mabi=ilp32s' '-march=loongarch32r' '-mfpu=none' '-msimd=none' '-mcmodel=normal' '-mtune=loongarch32r'
 /home/cyh/chiplab/toolchains/loongarch32r-linux-gnusf-v2.0/bin/../lib/gcc/loongarch32r-linux-gnusf/8.3.0/../../../../loongarch32r-linux-gnusf/bin/as -v -mabi=ilp32 -o CMakeFiles/cmTC_7f8cc.dir/CMakeCXXCompilerABI.cpp.o /tmp/ccZ7dFgm.s
GNU assembler version 2.31.1 (loongarch32r-linux-gnusf) using BFD version (LoongArch GNU toolchain LA32 v2.0 20230903) 2.31.1.20190122
COMPILER_PATH=/home/cyh/chiplab/toolchains/loongarch32r-linux-gnusf-v2.0/bin/../libexec/gcc/loongarch32r-linux-gnusf/8.3.0/:/home/cyh/chiplab/toolchains/loongarch32r-linux-gnusf-v2.0/bin/../libexec/gcc/:/home/cyh/chiplab/toolchains/loongarch32r-linux-gnusf-v2.0/bin/../lib/gcc/loongarch32r-linux-gnusf/8.3.0/../../../../loongarch32r-linux-gnusf/bin/
LIBRARY_PATH=/home/cyh/chiplab/toolchains/loongarch32r-linux-gnusf-v2.0/bin/../lib/gcc/loongarch32r-linux-gnusf/8.3.0/:/home/cyh/chiplab/toolchains/loongarch32r-linux-gnusf-v2.0/bin/../lib/gcc/:/home/cyh/chiplab/toolchains/loongarch32r-linux-gnusf-v2.0/bin/../lib/gcc/loongarch32r-linux-gnusf/8.3.0/../../../../loongarch32r-linux-gnusf/lib/
COLLECT_GCC_OPTIONS='-v' '-o' 'CMakeFiles/cmTC_7f8cc.dir/CMakeCXXCompilerABI.cpp.o' '-c' '-shared-libgcc' '-mabi=ilp32s' '-march=loongarch32r' '-mfpu=none' '-msimd=none' '-mcmodel=normal' '-mtune=loongarch32r'
[2/2] Linking CXX executable cmTC_7f8cc
FAILED: cmTC_7f8cc 
: && /home/cyh/chiplab/toolchains/loongarch32r-linux-gnusf-v2.0/bin/loongarch32r-linux-gnusf-g++  -v CMakeFiles/cmTC_7f8cc.dir/CMakeCXXCompilerABI.cpp.o -o cmTC_7f8cc   && :
Using built-in specs.
COLLECT_GCC=/home/cyh/chiplab/toolchains/loongarch32r-linux-gnusf-v2.0/bin/loongarch32r-linux-gnusf-g++
COLLECT_LTO_WRAPPER=/home/cyh/chiplab/toolchains/loongarch32r-linux-gnusf-v2.0/bin/../libexec/gcc/loongarch32r-linux-gnusf/8.3.0/lto-wrapper
Target: loongarch32r-linux-gnusf
Configured with: /dev/shm/build_loongarch32r-linux-gnusf_x86_64_v2.0_20230903/src/target_gcc/configure --build=x86_64-redhat-linux --host=x86_64-linux-gnu --target=loongarch32r-linux-gnusf --prefix=/dev/shm/build_loongarch32r-linux-gnusf_x86_64_v2.0_20230903/build-canadian/root/usr --with-sysroot=/dev/shm/build_loongarch32r-linux-gnusf_x86_64_v2.0_20230903/build-canadian/root/usr/loongarch32r-linux-gnusf/sysroot --with-native-system-header-dir=/usr/include --with-gxx-include-dir=/dev/shm/build_loongarch32r-linux-gnusf_x86_64_v2.0_20230903/build-canadian/root/usr/loongarch32r-linux-gnusf/sysroot/usr/include/c++ --enable-languages=c,c++,fortran --with-build-sysroot= --disable-libstdcxx --disable-libgfortran --disable-libgomp --enable-libcc1 --enable-threads=posix --enable-__cxa_atexit --enable-initfini-array --enable-nls --disable-libmpx --disable-bootstrap --with-abi=ilp32s --enable-checking=release --with-pkgversion='LoongArch GNU toolchain LA32 v2.0 (20230903)'
Thread model: posix
gcc version 8.3.0 (LoongArch GNU toolchain LA32 v2.0 (20230903)) 
COMPILER_PATH=/home/cyh/chiplab/toolchains/loongarch32r-linux-gnusf-v2.0/bin/../libexec/gcc/loongarch32r-linux-gnusf/8.3.0/:/home/cyh/chiplab/toolchains/loongarch32r-linux-gnusf-v2.0/bin/../libexec/gcc/:/home/cyh/chiplab/toolchains/loongarch32r-linux-gnusf-v2.0/bin/../lib/gcc/loongarch32r-linux-gnusf/8.3.0/../../../../loongarch32r-linux-gnusf/bin/
LIBRARY_PATH=/home/cyh/chiplab/toolchains/loongarch32r-linux-gnusf-v2.0/bin/../lib/gcc/loongarch32r-linux-gnusf/8.3.0/:/home/cyh/chiplab/toolchains/loongarch32r-linux-gnusf-v2.0/bin/../lib/gcc/:/home/cyh/chiplab/toolchains/loongarch32r-linux-gnusf-v2.0/bin/../lib/gcc/loongarch32r-linux-gnusf/8.3.0/../../../../loongarch32r-linux-gnusf/lib/
COLLECT_GCC_OPTIONS='-v' '-o' 'cmTC_7f8cc' '-shared-libgcc' '-mabi=ilp32s' '-march=loongarch32r' '-mfpu=none' '-msimd=none' '-mcmodel=normal' '-mtune=loongarch32r'
 /home/cyh/chiplab/toolchains/loongarch32r-linux-gnusf-v2.0/bin/../libexec/gcc/loongarch32r-linux-gnusf/8.3.0/collect2 --sysroot=/home/cyh/chiplab/toolchains/loongarch32r-linux-gnusf-v2.0/bin/../loongarch32r-linux-gnusf/sysroot --eh-frame-hdr -m elf32loongarch -dynamic-linker /lib32/ld-linux-loongarch-ilp32s.so.1 -o cmTC_7f8cc crt1.o crti.o /home/cyh/chiplab/toolchains/loongarch32r-linux-gnusf-v2.0/bin/../lib/gcc/loongarch32r-linux-gnusf/8.3.0/crtbegin.o -L/home/cyh/chiplab/toolchains/loongarch32r-linux-gnusf-v2.0/bin/../lib/gcc/loongarch32r-linux-gnusf/8.3.0 -L/home/cyh/chiplab/toolchains/loongarch32r-linux-gnusf-v2.0/bin/../lib/gcc -L/home/cyh/chiplab/toolchains/loongarch32r-linux-gnusf-v2.0/bin/../lib/gcc/loongarch32r-linux-gnusf/8.3.0/../../../../loongarch32r-linux-gnusf/lib CMakeFiles/cmTC_7f8cc.dir/CMakeCXXCompilerABI.cpp.o -lstdc++ -lm -lgcc_s -lgcc -lc -lgcc_s -lgcc /home/cyh/chiplab/toolchains/loongarch32r-linux-gnusf-v2.0/bin/../lib/gcc/loongarch32r-linux-gnusf/8.3.0/crtend.o crtn.o
/home/cyh/chiplab/toolchains/loongarch32r-linux-gnusf-v2.0/bin/../lib/gcc/loongarch32r-linux-gnusf/8.3.0/../../../../loongarch32r-linux-gnusf/bin/ld: cannot find crt1.o: No such file or directory
/home/cyh/chiplab/toolchains/loongarch32r-linux-gnusf-v2.0/bin/../lib/gcc/loongarch32r-linux-gnusf/8.3.0/../../../../loongarch32r-linux-gnusf/bin/ld: cannot find crti.o: No such file or directory
/home/cyh/chiplab/toolchains/loongarch32r-linux-gnusf-v2.0/bin/../lib/gcc/loongarch32r-linux-gnusf/8.3.0/../../../../loongarch32r-linux-gnusf/bin/ld: cannot find -lstdc++
/home/cyh/chiplab/toolchains/loongarch32r-linux-gnusf-v2.0/bin/../lib/gcc/loongarch32r-linux-gnusf/8.3.0/../../../../loongarch32r-linux-gnusf/bin/ld: cannot find -lm
/home/cyh/chiplab/toolchains/loongarch32r-linux-gnusf-v2.0/bin/../lib/gcc/loongarch32r-linux-gnusf/8.3.0/../../../../loongarch32r-linux-gnusf/bin/ld: cannot find -lgcc_s
/home/cyh/chiplab/toolchains/loongarch32r-linux-gnusf-v2.0/bin/../lib/gcc/loongarch32r-linux-gnusf/8.3.0/../../../../loongarch32r-linux-gnusf/bin/ld: cannot find -lc
/home/cyh/chiplab/toolchains/loongarch32r-linux-gnusf-v2.0/bin/../lib/gcc/loongarch32r-linux-gnusf/8.3.0/../../../../loongarch32r-linux-gnusf/bin/ld: cannot find -lgcc_s
/home/cyh/chiplab/toolchains/loongarch32r-linux-gnusf-v2.0/bin/../lib/gcc/loongarch32r-linux-gnusf/8.3.0/../../../../loongarch32r-linux-gnusf/bin/ld: cannot find crtn.o: No such file or directory
collect2: error: ld returned 1 exit status
ninja: build stopped: subcommand failed.




Determining if the CXX compiler works failed with the following output:
Change Dir: /home/cyh/chiplab/build/CMakeFiles/CMakeTmp

Run Build Command(s):/usr/bin/ninja cmTC_dafb1 && [1/2] Building CXX object CMakeFiles/cmTC_dafb1.dir/testCXXCompiler.cxx.o
[2/2] Linking CXX executable cmTC_dafb1
FAILED: cmTC_dafb1 
: && /home/cyh/chiplab/toolchains/loongarch32r-linux-gnusf-v2.0/bin/loongarch32r-linux-gnusf-g++   CMakeFiles/cmTC_dafb1.dir/testCXXCompiler.cxx.o -o cmTC_dafb1   && :
/home/cyh/chiplab/toolchains/loongarch32r-linux-gnusf-v2.0/bin/../lib/gcc/loongarch32r-linux-gnusf/8.3.0/../../../../loongarch32r-linux-gnusf/bin/ld: cannot find crt1.o: No such file or directory
/home/cyh/chiplab/toolchains/loongarch32r-linux-gnusf-v2.0/bin/../lib/gcc/loongarch32r-linux-gnusf/8.3.0/../../../../loongarch32r-linux-gnusf/bin/ld: cannot find crti.o: No such file or directory
/home/cyh/chiplab/toolchains/loongarch32r-linux-gnusf-v2.0/bin/../lib/gcc/loongarch32r-linux-gnusf/8.3.0/../../../../loongarch32r-linux-gnusf/bin/ld: cannot find -lstdc++
/home/cyh/chiplab/toolchains/loongarch32r-linux-gnusf-v2.0/bin/../lib/gcc/loongarch32r-linux-gnusf/8.3.0/../../../../loongarch32r-linux-gnusf/bin/ld: cannot find -lm
/home/cyh/chiplab/toolchains/loongarch32r-linux-gnusf-v2.0/bin/../lib/gcc/loongarch32r-linux-gnusf/8.3.0/../../../../loongarch32r-linux-gnusf/bin/ld: cannot find -lgcc_s
/home/cyh/chiplab/toolchains/loongarch32r-linux-gnusf-v2.0/bin/../lib/gcc/loongarch32r-linux-gnusf/8.3.0/../../../../loongarch32r-linux-gnusf/bin/ld: cannot find -lc
/home/cyh/chiplab/toolchains/loongarch32r-linux-gnusf-v2.0/bin/../lib/gcc/loongarch32r-linux-gnusf/8.3.0/../../../../loongarch32r-linux-gnusf/bin/ld: cannot find -lgcc_s
/home/cyh/chiplab/toolchains/loongarch32r-linux-gnusf-v2.0/bin/../lib/gcc/loongarch32r-linux-gnusf/8.3.0/../../../../loongarch32r-linux-gnusf/bin/ld: cannot find crtn.o: No such file or directory
collect2: error: ld returned 1 exit status
ninja: build stopped: subcommand failed.



Compiling the CXX compiler identification source file "CMakeCXXCompilerId.cpp" failed.
Compiler: /home/cyh/chiplab/toolchains/loongarch32r-linux-gnusf-v2.0/bin/loongarch32r-linux-gnusf-g++ 
Build flags: 
Id flags:  

The output was:
1
/home/cyh/chiplab/toolchains/loongarch32r-linux-gnusf-v2.0/bin/../lib/gcc/loongarch32r-linux-gnusf/8.3.0/../../../../loongarch32r-linux-gnusf/bin/ld: cannot find crt1.o: No such file or directory
/home/cyh/chiplab/toolchains/loongarch32r-linux-gnusf-v2.0/bin/../lib/gcc/loongarch32r-linux-gnusf/8.3.0/../../../../loongarch32r-linux-gnusf/bin/ld: cannot find crti.o: No such file or directory
/home/cyh/chiplab/toolchains/loongarch32r-linux-gnusf-v2.0/bin/../lib/gcc/loongarch32r-linux-gnusf/8.3.0/../../../../loongarch32r-linux-gnusf/bin/ld: cannot find -lstdc++
/home/cyh/chiplab/toolchains/loongarch32r-linux-gnusf-v2.0/bin/../lib/gcc/loongarch32r-linux-gnusf/8.3.0/../../../../loongarch32r-linux-gnusf/bin/ld: cannot find -lm
/home/cyh/chiplab/toolchains/loongarch32r-linux-gnusf-v2.0/bin/../lib/gcc/loongarch32r-linux-gnusf/8.3.0/../../../../loongarch32r-linux-gnusf/bin/ld: cannot find -lgcc_s
/home/cyh/chiplab/toolchains/loongarch32r-linux-gnusf-v2.0/bin/../lib/gcc/loongarch32r-linux-gnusf/8.3.0/../../../../loongarch32r-linux-gnusf/bin/ld: cannot find -lc
/home/cyh/chiplab/toolchains/loongarch32r-linux-gnusf-v2.0/bin/../lib/gcc/loongarch32r-linux-gnusf/8.3.0/../../../../loongarch32r-linux-gnusf/bin/ld: cannot find -lgcc_s
/home/cyh/chiplab/toolchains/loongarch32r-linux-gnusf-v2.0/bin/../lib/gcc/loongarch32r-linux-gnusf/8.3.0/../../../../loongarch32r-linux-gnusf/bin/ld: cannot find crtn.o: No such file or directory
collect2: error: ld returned 1 exit status


Detecting CXX compiler ABI info failed to compile with the following output:
Change Dir: /home/cyh/chiplab/build/CMakeFiles/CMakeTmp

Run Build Command(s):/usr/bin/ninja cmTC_2f144 && [1/2] Building CXX object CMakeFiles/cmTC_2f144.dir/CMakeCXXCompilerABI.cpp.o
Using built-in specs.
COLLECT_GCC=/home/cyh/chiplab/toolchains/loongarch32r-linux-gnusf-v2.0/bin/loongarch32r-linux-gnusf-g++
Target: loongarch32r-linux-gnusf
Configured with: /dev/shm/build_loongarch32r-linux-gnusf_x86_64_v2.0_20230903/src/target_gcc/configure --build=x86_64-redhat-linux --host=x86_64-linux-gnu --target=loongarch32r-linux-gnusf --prefix=/dev/shm/build_loongarch32r-linux-gnusf_x86_64_v2.0_20230903/build-canadian/root/usr --with-sysroot=/dev/shm/build_loongarch32r-linux-gnusf_x86_64_v2.0_20230903/build-canadian/root/usr/loongarch32r-linux-gnusf/sysroot --with-native-system-header-dir=/usr/include --with-gxx-include-dir=/dev/shm/build_loongarch32r-linux-gnusf_x86_64_v2.0_20230903/build-canadian/root/usr/loongarch32r-linux-gnusf/sysroot/usr/include/c++ --enable-languages=c,c++,fortran --with-build-sysroot= --disable-libstdcxx --disable-libgfortran --disable-libgomp --enable-libcc1 --enable-threads=posix --enable-__cxa_atexit --enable-initfini-array --enable-nls --disable-libmpx --disable-bootstrap --with-abi=ilp32s --enable-checking=release --with-pkgversion='LoongArch GNU toolchain LA32 v2.0 (20230903)'
Thread model: posix
gcc version 8.3.0 (LoongArch GNU toolchain LA32 v2.0 (20230903)) 
COLLECT_GCC_OPTIONS='-v' '-o' 'CMakeFiles/cmTC_2f144.dir/CMakeCXXCompilerABI.cpp.o' '-c' '-shared-libgcc' '-mabi=ilp32s' '-march=loongarch32r' '-mfpu=none' '-msimd=none' '-mcmodel=normal' '-mtune=loongarch32r'
 /home/cyh/chiplab/toolchains/loongarch32r-linux-gnusf-v2.0/bin/../libexec/gcc/loongarch32r-linux-gnusf/8.3.0/cc1plus -quiet -v -imultilib base/ilp32s -iprefix /home/cyh/chiplab/toolchains/loongarch32r-linux-gnusf-v2.0/bin/../lib/gcc/loongarch32r-linux-gnusf/8.3.0/ -isysroot /home/cyh/chiplab/toolchains/loongarch32r-linux-gnusf-v2.0/bin/../loongarch32r-linux-gnusf/sysroot -D_GNU_SOURCE /usr/share/cmake-3.22/Modules/CMakeCXXCompilerABI.cpp -quiet -dumpbase CMakeCXXCompilerABI.cpp -mabi=ilp32s -march=loongarch32r -mfpu=none -msimd=none -mcmodel=normal -mtune=loongarch32r -auxbase-strip CMakeFiles/cmTC_2f144.dir/CMakeCXXCompilerABI.cpp.o -version -o /tmp/ccDsdcEl.s
GNU C++14 (LoongArch GNU toolchain LA32 v2.0 (20230903)) version 8.3.0 (loongarch32r-linux-gnusf)
	compiled by GNU C version 8.5.0, GMP version 6.1.0, MPFR version 3.1.4, MPC version 1.0.3, isl version isl-0.18-GMP

GGC heuristics: --param ggc-min-expand=100 --param ggc-min-heapsize=131072
ignoring nonexistent directory "/home/cyh/chiplab/toolchains/loongarch32r-linux-gnusf-v2.0/bin/../lib/gcc/loongarch32r-linux-gnusf/8.3.0/../../../../loongarch32r-linux-gnusf/include"
ignoring nonexistent directory "/home/cyh/chiplab/toolchains/loongarch32r-linux-gnusf-v2.0/bin/../loongarch32r-linux-gnusf/sysroot/usr/include/c++/loongarch32r-linux-gnusf/base/ilp32s"
ignoring duplicate directory "/home/cyh/chiplab/toolchains/loongarch32r-linux-gnusf-v2.0/lib/gcc/loongarch32r-linux-gnusf/8.3.0/include"
ignoring nonexistent directory "/home/cyh/chiplab/toolchains/loongarch32r-linux-gnusf-v2.0/bin/../loongarch32r-linux-gnusf/sysroot/usr/local/include"
ignoring duplicate directory "/home/cyh/chiplab/toolchains/loongarch32r-linux-gnusf-v2.0/lib/gcc/loongarch32r-linux-gnusf/8.3.0/include-fixed"
ignoring nonexistent directory "/home/cyh/chiplab/toolchains/loongarch32r-linux-gnusf-v2.0/bin/../lib/gcc/../../lib/gcc/loongarch32r-linux-gnusf/8.3.0/../../../../loongarch32r-linux-gnusf/include"
#include "..." search starts here:
#include <...> search starts here:
 /home/cyh/chiplab/toolchains/loongarch32r-linux-gnusf-v2.0/lib/gcc/loongarch32r-linux-gnusf/8.3.0/include
 /home/cyh/chiplab/toolchains/loongarch32r-linux-gnusf-v2.0/lib/gcc/loongarch32r-linux-gnusf/8.3.0/include-fixed
 /home/cyh/chiplab/toolchains/loongarch32r-linux-gnusf-v2.0/loongarch32r-linux-gnusf/sysroot/usr/include/c++
 /home/cyh/chiplab/toolchains/loongarch32r-linux-gnusf-v2.0/loongarch32r-linux-gnusf/sysroot/usr/include/c++/backward
 /home/cyh/chiplab/toolchains/loongarch32r-linux-gnusf-v2.0/loongarch32r-linux-gnusf/sysroot/usr/include
End of search list.
GNU C++14 (LoongArch GNU toolchain LA32 v2.0 (20230903)) version 8.3.0 (loongarch32r-linux-gnusf)
	compiled by GNU C version 8.5.0, GMP version 6.1.0, MPFR version 3.1.4, MPC version 1.0.3, isl version isl-0.18-GMP

GGC heuristics: --param ggc-min-expand=100 --param ggc-min-heapsize=131072
Compiler executable checksum: 67bf4a30d1e74b930012b20c1eaf82de
COLLECT_GCC_OPTIONS='-v' '-o' 'CMakeFiles/cmTC_2f144.dir/CMakeCXXCompilerABI.cpp.o' '-c' '-shared-libgcc' '-mabi=ilp32s' '-march=loongarch32r' '-mfpu=none' '-msimd=none' '-mcmodel=normal' '-mtune=loongarch32r'
 /home/cyh/chiplab/toolchains/loongarch32r-linux-gnusf-v2.0/bin/../lib/gcc/loongarch32r-linux-gnusf/8.3.0/../../../../loongarch32r-linux-gnusf/bin/as -v -mabi=ilp32 -o CMakeFiles/cmTC_2f144.dir/CMakeCXXCompilerABI.cpp.o /tmp/ccDsdcEl.s
GNU assembler version 2.31.1 (loongarch32r-linux-gnusf) using BFD version (LoongArch GNU toolchain LA32 v2.0 20230903) 2.31.1.20190122
COMPILER_PATH=/home/cyh/chiplab/toolchains/loongarch32r-linux-gnusf-v2.0/bin/../libexec/gcc/loongarch32r-linux-gnusf/8.3.0/:/home/cyh/chiplab/toolchains/loongarch32r-linux-gnusf-v2.0/bin/../libexec/gcc/:/home/cyh/chiplab/toolchains/loongarch32r-linux-gnusf-v2.0/bin/../lib/gcc/loongarch32r-linux-gnusf/8.3.0/../../../../loongarch32r-linux-gnusf/bin/
LIBRARY_PATH=/home/cyh/chiplab/toolchains/loongarch32r-linux-gnusf-v2.0/bin/../lib/gcc/loongarch32r-linux-gnusf/8.3.0/:/home/cyh/chiplab/toolchains/loongarch32r-linux-gnusf-v2.0/bin/../lib/gcc/:/home/cyh/chiplab/toolchains/loongarch32r-linux-gnusf-v2.0/bin/../lib/gcc/loongarch32r-linux-gnusf/8.3.0/../../../../loongarch32r-linux-gnusf/lib/
COLLECT_GCC_OPTIONS='-v' '-o' 'CMakeFiles/cmTC_2f144.dir/CMakeCXXCompilerABI.cpp.o' '-c' '-shared-libgcc' '-mabi=ilp32s' '-march=loongarch32r' '-mfpu=none' '-msimd=none' '-mcmodel=normal' '-mtune=loongarch32r'
[2/2] Linking CXX executable cmTC_2f144
FAILED: cmTC_2f144 
: && /home/cyh/chiplab/toolchains/loongarch32r-linux-gnusf-v2.0/bin/loongarch32r-linux-gnusf-g++  -v CMakeFiles/cmTC_2f144.dir/CMakeCXXCompilerABI.cpp.o -o cmTC_2f144   && :
Using built-in specs.
COLLECT_GCC=/home/cyh/chiplab/toolchains/loongarch32r-linux-gnusf-v2.0/bin/loongarch32r-linux-gnusf-g++
COLLECT_LTO_WRAPPER=/home/cyh/chiplab/toolchains/loongarch32r-linux-gnusf-v2.0/bin/../libexec/gcc/loongarch32r-linux-gnusf/8.3.0/lto-wrapper
Target: loongarch32r-linux-gnusf
Configured with: /dev/shm/build_loongarch32r-linux-gnusf_x86_64_v2.0_20230903/src/target_gcc/configure --build=x86_64-redhat-linux --host=x86_64-linux-gnu --target=loongarch32r-linux-gnusf --prefix=/dev/shm/build_loongarch32r-linux-gnusf_x86_64_v2.0_20230903/build-canadian/root/usr --with-sysroot=/dev/shm/build_loongarch32r-linux-gnusf_x86_64_v2.0_20230903/build-canadian/root/usr/loongarch32r-linux-gnusf/sysroot --with-native-system-header-dir=/usr/include --with-gxx-include-dir=/dev/shm/build_loongarch32r-linux-gnusf_x86_64_v2.0_20230903/build-canadian/root/usr/loongarch32r-linux-gnusf/sysroot/usr/include/c++ --enable-languages=c,c++,fortran --with-build-sysroot= --disable-libstdcxx --disable-libgfortran --disable-libgomp --enable-libcc1 --enable-threads=posix --enable-__cxa_atexit --enable-initfini-array --enable-nls --disable-libmpx --disable-bootstrap --with-abi=ilp32s --enable-checking=release --with-pkgversion='LoongArch GNU toolchain LA32 v2.0 (20230903)'
Thread model: posix
gcc version 8.3.0 (LoongArch GNU toolchain LA32 v2.0 (20230903)) 
COMPILER_PATH=/home/cyh/chiplab/toolchains/loongarch32r-linux-gnusf-v2.0/bin/../libexec/gcc/loongarch32r-linux-gnusf/8.3.0/:/home/cyh/chiplab/toolchains/loongarch32r-linux-gnusf-v2.0/bin/../libexec/gcc/:/home/cyh/chiplab/toolchains/loongarch32r-linux-gnusf-v2.0/bin/../lib/gcc/loongarch32r-linux-gnusf/8.3.0/../../../../loongarch32r-linux-gnusf/bin/
LIBRARY_PATH=/home/cyh/chiplab/toolchains/loongarch32r-linux-gnusf-v2.0/bin/../lib/gcc/loongarch32r-linux-gnusf/8.3.0/:/home/cyh/chiplab/toolchains/loongarch32r-linux-gnusf-v2.0/bin/../lib/gcc/:/home/cyh/chiplab/toolchains/loongarch32r-linux-gnusf-v2.0/bin/../lib/gcc/loongarch32r-linux-gnusf/8.3.0/../../../../loongarch32r-linux-gnusf/lib/
COLLECT_GCC_OPTIONS='-v' '-o' 'cmTC_2f144' '-shared-libgcc' '-mabi=ilp32s' '-march=loongarch32r' '-mfpu=none' '-msimd=none' '-mcmodel=normal' '-mtune=loongarch32r'
 /home/cyh/chiplab/toolchains/loongarch32r-linux-gnusf-v2.0/bin/../libexec/gcc/loongarch32r-linux-gnusf/8.3.0/collect2 --sysroot=/home/cyh/chiplab/toolchains/loongarch32r-linux-gnusf-v2.0/bin/../loongarch32r-linux-gnusf/sysroot --eh-frame-hdr -m elf32loongarch -dynamic-linker /lib32/ld-linux-loongarch-ilp32s.so.1 -o cmTC_2f144 crt1.o crti.o /home/cyh/chiplab/toolchains/loongarch32r-linux-gnusf-v2.0/bin/../lib/gcc/loongarch32r-linux-gnusf/8.3.0/crtbegin.o -L/home/cyh/chiplab/toolchains/loongarch32r-linux-gnusf-v2.0/bin/../lib/gcc/loongarch32r-linux-gnusf/8.3.0 -L/home/cyh/chiplab/toolchains/loongarch32r-linux-gnusf-v2.0/bin/../lib/gcc -L/home/cyh/chiplab/toolchains/loongarch32r-linux-gnusf-v2.0/bin/../lib/gcc/loongarch32r-linux-gnusf/8.3.0/../../../../loongarch32r-linux-gnusf/lib CMakeFiles/cmTC_2f144.dir/CMakeCXXCompilerABI.cpp.o -lstdc++ -lm -lgcc_s -lgcc -lc -lgcc_s -lgcc /home/cyh/chiplab/toolchains/loongarch32r-linux-gnusf-v2.0/bin/../lib/gcc/loongarch32r-linux-gnusf/8.3.0/crtend.o crtn.o
/home/cyh/chiplab/toolchains/loongarch32r-linux-gnusf-v2.0/bin/../lib/gcc/loongarch32r-linux-gnusf/8.3.0/../../../../loongarch32r-linux-gnusf/bin/ld: cannot find crt1.o: No such file or directory
/home/cyh/chiplab/toolchains/loongarch32r-linux-gnusf-v2.0/bin/../lib/gcc/loongarch32r-linux-gnusf/8.3.0/../../../../loongarch32r-linux-gnusf/bin/ld: cannot find crti.o: No such file or directory
/home/cyh/chiplab/toolchains/loongarch32r-linux-gnusf-v2.0/bin/../lib/gcc/loongarch32r-linux-gnusf/8.3.0/../../../../loongarch32r-linux-gnusf/bin/ld: cannot find -lstdc++
/home/cyh/chiplab/toolchains/loongarch32r-linux-gnusf-v2.0/bin/../lib/gcc/loongarch32r-linux-gnusf/8.3.0/../../../../loongarch32r-linux-gnusf/bin/ld: cannot find -lm
/home/cyh/chiplab/toolchains/loongarch32r-linux-gnusf-v2.0/bin/../lib/gcc/loongarch32r-linux-gnusf/8.3.0/../../../../loongarch32r-linux-gnusf/bin/ld: cannot find -lgcc_s
/home/cyh/chiplab/toolchains/loongarch32r-linux-gnusf-v2.0/bin/../lib/gcc/loongarch32r-linux-gnusf/8.3.0/../../../../loongarch32r-linux-gnusf/bin/ld: cannot find -lc
/home/cyh/chiplab/toolchains/loongarch32r-linux-gnusf-v2.0/bin/../lib/gcc/loongarch32r-linux-gnusf/8.3.0/../../../../loongarch32r-linux-gnusf/bin/ld: cannot find -lgcc_s
/home/cyh/chiplab/toolchains/loongarch32r-linux-gnusf-v2.0/bin/../lib/gcc/loongarch32r-linux-gnusf/8.3.0/../../../../loongarch32r-linux-gnusf/bin/ld: cannot find crtn.o: No such file or directory
collect2: error: ld returned 1 exit status
ninja: build stopped: subcommand failed.




Determining if the CXX compiler works failed with the following output:
Change Dir: /home/cyh/chiplab/build/CMakeFiles/CMakeTmp

Run Build Command(s):/usr/bin/ninja cmTC_beb16 && [1/2] Building CXX object CMakeFiles/cmTC_beb16.dir/testCXXCompiler.cxx.o
[2/2] Linking CXX executable cmTC_beb16
FAILED: cmTC_beb16 
: && /home/cyh/chiplab/toolchains/loongarch32r-linux-gnusf-v2.0/bin/loongarch32r-linux-gnusf-g++   CMakeFiles/cmTC_beb16.dir/testCXXCompiler.cxx.o -o cmTC_beb16   && :
/home/cyh/chiplab/toolchains/loongarch32r-linux-gnusf-v2.0/bin/../lib/gcc/loongarch32r-linux-gnusf/8.3.0/../../../../loongarch32r-linux-gnusf/bin/ld: cannot find crt1.o: No such file or directory
/home/cyh/chiplab/toolchains/loongarch32r-linux-gnusf-v2.0/bin/../lib/gcc/loongarch32r-linux-gnusf/8.3.0/../../../../loongarch32r-linux-gnusf/bin/ld: cannot find crti.o: No such file or directory
/home/cyh/chiplab/toolchains/loongarch32r-linux-gnusf-v2.0/bin/../lib/gcc/loongarch32r-linux-gnusf/8.3.0/../../../../loongarch32r-linux-gnusf/bin/ld: cannot find -lstdc++
/home/cyh/chiplab/toolchains/loongarch32r-linux-gnusf-v2.0/bin/../lib/gcc/loongarch32r-linux-gnusf/8.3.0/../../../../loongarch32r-linux-gnusf/bin/ld: cannot find -lm
/home/cyh/chiplab/toolchains/loongarch32r-linux-gnusf-v2.0/bin/../lib/gcc/loongarch32r-linux-gnusf/8.3.0/../../../../loongarch32r-linux-gnusf/bin/ld: cannot find -lgcc_s
/home/cyh/chiplab/toolchains/loongarch32r-linux-gnusf-v2.0/bin/../lib/gcc/loongarch32r-linux-gnusf/8.3.0/../../../../loongarch32r-linux-gnusf/bin/ld: cannot find -lc
/home/cyh/chiplab/toolchains/loongarch32r-linux-gnusf-v2.0/bin/../lib/gcc/loongarch32r-linux-gnusf/8.3.0/../../../../loongarch32r-linux-gnusf/bin/ld: cannot find -lgcc_s
/home/cyh/chiplab/toolchains/loongarch32r-linux-gnusf-v2.0/bin/../lib/gcc/loongarch32r-linux-gnusf/8.3.0/../../../../loongarch32r-linux-gnusf/bin/ld: cannot find crtn.o: No such file or directory
collect2: error: ld returned 1 exit status
ninja: build stopped: subcommand failed.



Compiling the CXX compiler identification source file "CMakeCXXCompilerId.cpp" failed.
Compiler: /home/cyh/chiplab/toolchains/loongarch32r-linux-gnusf-v2.0/bin/loongarch32r-linux-gnusf-g++ 
Build flags: 
Id flags:  

The output was:
1
/home/cyh/chiplab/toolchains/loongarch32r-linux-gnusf-v2.0/bin/../lib/gcc/loongarch32r-linux-gnusf/8.3.0/../../../../loongarch32r-linux-gnusf/bin/ld: cannot find crt1.o: No such file or directory
/home/cyh/chiplab/toolchains/loongarch32r-linux-gnusf-v2.0/bin/../lib/gcc/loongarch32r-linux-gnusf/8.3.0/../../../../loongarch32r-linux-gnusf/bin/ld: cannot find crti.o: No such file or directory
/home/cyh/chiplab/toolchains/loongarch32r-linux-gnusf-v2.0/bin/../lib/gcc/loongarch32r-linux-gnusf/8.3.0/../../../../loongarch32r-linux-gnusf/bin/ld: cannot find -lstdc++
/home/cyh/chiplab/toolchains/loongarch32r-linux-gnusf-v2.0/bin/../lib/gcc/loongarch32r-linux-gnusf/8.3.0/../../../../loongarch32r-linux-gnusf/bin/ld: cannot find -lm
/home/cyh/chiplab/toolchains/loongarch32r-linux-gnusf-v2.0/bin/../lib/gcc/loongarch32r-linux-gnusf/8.3.0/../../../../loongarch32r-linux-gnusf/bin/ld: cannot find -lgcc_s
/home/cyh/chiplab/toolchains/loongarch32r-linux-gnusf-v2.0/bin/../lib/gcc/loongarch32r-linux-gnusf/8.3.0/../../../../loongarch32r-linux-gnusf/bin/ld: cannot find -lc
/home/cyh/chiplab/toolchains/loongarch32r-linux-gnusf-v2.0/bin/../lib/gcc/loongarch32r-linux-gnusf/8.3.0/../../../../loongarch32r-linux-gnusf/bin/ld: cannot find -lgcc_s
/home/cyh/chiplab/toolchains/loongarch32r-linux-gnusf-v2.0/bin/../lib/gcc/loongarch32r-linux-gnusf/8.3.0/../../../../loongarch32r-linux-gnusf/bin/ld: cannot find crtn.o: No such file or directory
collect2: error: ld returned 1 exit status


Detecting CXX compiler ABI info failed to compile with the following output:
Change Dir: /home/cyh/chiplab/build/CMakeFiles/CMakeTmp

Run Build Command(s):/usr/bin/ninja cmTC_bfb66 && [1/2] Building CXX object CMakeFiles/cmTC_bfb66.dir/CMakeCXXCompilerABI.cpp.o
Using built-in specs.
COLLECT_GCC=/home/cyh/chiplab/toolchains/loongarch32r-linux-gnusf-v2.0/bin/loongarch32r-linux-gnusf-g++
Target: loongarch32r-linux-gnusf
Configured with: /dev/shm/build_loongarch32r-linux-gnusf_x86_64_v2.0_20230903/src/target_gcc/configure --build=x86_64-redhat-linux --host=x86_64-linux-gnu --target=loongarch32r-linux-gnusf --prefix=/dev/shm/build_loongarch32r-linux-gnusf_x86_64_v2.0_20230903/build-canadian/root/usr --with-sysroot=/dev/shm/build_loongarch32r-linux-gnusf_x86_64_v2.0_20230903/build-canadian/root/usr/loongarch32r-linux-gnusf/sysroot --with-native-system-header-dir=/usr/include --with-gxx-include-dir=/dev/shm/build_loongarch32r-linux-gnusf_x86_64_v2.0_20230903/build-canadian/root/usr/loongarch32r-linux-gnusf/sysroot/usr/include/c++ --enable-languages=c,c++,fortran --with-build-sysroot= --disable-libstdcxx --disable-libgfortran --disable-libgomp --enable-libcc1 --enable-threads=posix --enable-__cxa_atexit --enable-initfini-array --enable-nls --disable-libmpx --disable-bootstrap --with-abi=ilp32s --enable-checking=release --with-pkgversion='LoongArch GNU toolchain LA32 v2.0 (20230903)'
Thread model: posix
gcc version 8.3.0 (LoongArch GNU toolchain LA32 v2.0 (20230903)) 
COLLECT_GCC_OPTIONS='-v' '-o' 'CMakeFiles/cmTC_bfb66.dir/CMakeCXXCompilerABI.cpp.o' '-c' '-shared-libgcc' '-mabi=ilp32s' '-march=loongarch32r' '-mfpu=none' '-msimd=none' '-mcmodel=normal' '-mtune=loongarch32r'
 /home/cyh/chiplab/toolchains/loongarch32r-linux-gnusf-v2.0/bin/../libexec/gcc/loongarch32r-linux-gnusf/8.3.0/cc1plus -quiet -v -imultilib base/ilp32s -iprefix /home/cyh/chiplab/toolchains/loongarch32r-linux-gnusf-v2.0/bin/../lib/gcc/loongarch32r-linux-gnusf/8.3.0/ -isysroot /home/cyh/chiplab/toolchains/loongarch32r-linux-gnusf-v2.0/bin/../loongarch32r-linux-gnusf/sysroot -D_GNU_SOURCE /usr/share/cmake-3.22/Modules/CMakeCXXCompilerABI.cpp -quiet -dumpbase CMakeCXXCompilerABI.cpp -mabi=ilp32s -march=loongarch32r -mfpu=none -msimd=none -mcmodel=normal -mtune=loongarch32r -auxbase-strip CMakeFiles/cmTC_bfb66.dir/CMakeCXXCompilerABI.cpp.o -version -o /tmp/ccXiHaNF.s
GNU C++14 (LoongArch GNU toolchain LA32 v2.0 (20230903)) version 8.3.0 (loongarch32r-linux-gnusf)
	compiled by GNU C version 8.5.0, GMP version 6.1.0, MPFR version 3.1.4, MPC version 1.0.3, isl version isl-0.18-GMP

GGC heuristics: --param ggc-min-expand=100 --param ggc-min-heapsize=131072
ignoring nonexistent directory "/home/cyh/chiplab/toolchains/loongarch32r-linux-gnusf-v2.0/bin/../lib/gcc/loongarch32r-linux-gnusf/8.3.0/../../../../loongarch32r-linux-gnusf/include"
ignoring nonexistent directory "/home/cyh/chiplab/toolchains/loongarch32r-linux-gnusf-v2.0/bin/../loongarch32r-linux-gnusf/sysroot/usr/include/c++/loongarch32r-linux-gnusf/base/ilp32s"
ignoring duplicate directory "/home/cyh/chiplab/toolchains/loongarch32r-linux-gnusf-v2.0/lib/gcc/loongarch32r-linux-gnusf/8.3.0/include"
ignoring nonexistent directory "/home/cyh/chiplab/toolchains/loongarch32r-linux-gnusf-v2.0/bin/../loongarch32r-linux-gnusf/sysroot/usr/local/include"
ignoring duplicate directory "/home/cyh/chiplab/toolchains/loongarch32r-linux-gnusf-v2.0/lib/gcc/loongarch32r-linux-gnusf/8.3.0/include-fixed"
ignoring nonexistent directory "/home/cyh/chiplab/toolchains/loongarch32r-linux-gnusf-v2.0/bin/../lib/gcc/../../lib/gcc/loongarch32r-linux-gnusf/8.3.0/../../../../loongarch32r-linux-gnusf/include"
#include "..." search starts here:
#include <...> search starts here:
 /home/cyh/chiplab/toolchains/loongarch32r-linux-gnusf-v2.0/lib/gcc/loongarch32r-linux-gnusf/8.3.0/include
 /home/cyh/chiplab/toolchains/loongarch32r-linux-gnusf-v2.0/lib/gcc/loongarch32r-linux-gnusf/8.3.0/include-fixed
 /home/cyh/chiplab/toolchains/loongarch32r-linux-gnusf-v2.0/loongarch32r-linux-gnusf/sysroot/usr/include/c++
 /home/cyh/chiplab/toolchains/loongarch32r-linux-gnusf-v2.0/loongarch32r-linux-gnusf/sysroot/usr/include/c++/backward
 /home/cyh/chiplab/toolchains/loongarch32r-linux-gnusf-v2.0/loongarch32r-linux-gnusf/sysroot/usr/include
End of search list.
GNU C++14 (LoongArch GNU toolchain LA32 v2.0 (20230903)) version 8.3.0 (loongarch32r-linux-gnusf)
	compiled by GNU C version 8.5.0, GMP version 6.1.0, MPFR version 3.1.4, MPC version 1.0.3, isl version isl-0.18-GMP

GGC heuristics: --param ggc-min-expand=100 --param ggc-min-heapsize=131072
Compiler executable checksum: 67bf4a30d1e74b930012b20c1eaf82de
COLLECT_GCC_OPTIONS='-v' '-o' 'CMakeFiles/cmTC_bfb66.dir/CMakeCXXCompilerABI.cpp.o' '-c' '-shared-libgcc' '-mabi=ilp32s' '-march=loongarch32r' '-mfpu=none' '-msimd=none' '-mcmodel=normal' '-mtune=loongarch32r'
 /home/cyh/chiplab/toolchains/loongarch32r-linux-gnusf-v2.0/bin/../lib/gcc/loongarch32r-linux-gnusf/8.3.0/../../../../loongarch32r-linux-gnusf/bin/as -v -mabi=ilp32 -o CMakeFiles/cmTC_bfb66.dir/CMakeCXXCompilerABI.cpp.o /tmp/ccXiHaNF.s
GNU assembler version 2.31.1 (loongarch32r-linux-gnusf) using BFD version (LoongArch GNU toolchain LA32 v2.0 20230903) 2.31.1.20190122
COMPILER_PATH=/home/cyh/chiplab/toolchains/loongarch32r-linux-gnusf-v2.0/bin/../libexec/gcc/loongarch32r-linux-gnusf/8.3.0/:/home/cyh/chiplab/toolchains/loongarch32r-linux-gnusf-v2.0/bin/../libexec/gcc/:/home/cyh/chiplab/toolchains/loongarch32r-linux-gnusf-v2.0/bin/../lib/gcc/loongarch32r-linux-gnusf/8.3.0/../../../../loongarch32r-linux-gnusf/bin/
LIBRARY_PATH=/home/cyh/chiplab/toolchains/loongarch32r-linux-gnusf-v2.0/bin/../lib/gcc/loongarch32r-linux-gnusf/8.3.0/:/home/cyh/chiplab/toolchains/loongarch32r-linux-gnusf-v2.0/bin/../lib/gcc/:/home/cyh/chiplab/toolchains/loongarch32r-linux-gnusf-v2.0/bin/../lib/gcc/loongarch32r-linux-gnusf/8.3.0/../../../../loongarch32r-linux-gnusf/lib/
COLLECT_GCC_OPTIONS='-v' '-o' 'CMakeFiles/cmTC_bfb66.dir/CMakeCXXCompilerABI.cpp.o' '-c' '-shared-libgcc' '-mabi=ilp32s' '-march=loongarch32r' '-mfpu=none' '-msimd=none' '-mcmodel=normal' '-mtune=loongarch32r'
[2/2] Linking CXX executable cmTC_bfb66
FAILED: cmTC_bfb66 
: && /home/cyh/chiplab/toolchains/loongarch32r-linux-gnusf-v2.0/bin/loongarch32r-linux-gnusf-g++  -v CMakeFiles/cmTC_bfb66.dir/CMakeCXXCompilerABI.cpp.o -o cmTC_bfb66   && :
Using built-in specs.
COLLECT_GCC=/home/cyh/chiplab/toolchains/loongarch32r-linux-gnusf-v2.0/bin/loongarch32r-linux-gnusf-g++
COLLECT_LTO_WRAPPER=/home/cyh/chiplab/toolchains/loongarch32r-linux-gnusf-v2.0/bin/../libexec/gcc/loongarch32r-linux-gnusf/8.3.0/lto-wrapper
Target: loongarch32r-linux-gnusf
Configured with: /dev/shm/build_loongarch32r-linux-gnusf_x86_64_v2.0_20230903/src/target_gcc/configure --build=x86_64-redhat-linux --host=x86_64-linux-gnu --target=loongarch32r-linux-gnusf --prefix=/dev/shm/build_loongarch32r-linux-gnusf_x86_64_v2.0_20230903/build-canadian/root/usr --with-sysroot=/dev/shm/build_loongarch32r-linux-gnusf_x86_64_v2.0_20230903/build-canadian/root/usr/loongarch32r-linux-gnusf/sysroot --with-native-system-header-dir=/usr/include --with-gxx-include-dir=/dev/shm/build_loongarch32r-linux-gnusf_x86_64_v2.0_20230903/build-canadian/root/usr/loongarch32r-linux-gnusf/sysroot/usr/include/c++ --enable-languages=c,c++,fortran --with-build-sysroot= --disable-libstdcxx --disable-libgfortran --disable-libgomp --enable-libcc1 --enable-threads=posix --enable-__cxa_atexit --enable-initfini-array --enable-nls --disable-libmpx --disable-bootstrap --with-abi=ilp32s --enable-checking=release --with-pkgversion='LoongArch GNU toolchain LA32 v2.0 (20230903)'
Thread model: posix
gcc version 8.3.0 (LoongArch GNU toolchain LA32 v2.0 (20230903)) 
COMPILER_PATH=/home/cyh/chiplab/toolchains/loongarch32r-linux-gnusf-v2.0/bin/../libexec/gcc/loongarch32r-linux-gnusf/8.3.0/:/home/cyh/chiplab/toolchains/loongarch32r-linux-gnusf-v2.0/bin/../libexec/gcc/:/home/cyh/chiplab/toolchains/loongarch32r-linux-gnusf-v2.0/bin/../lib/gcc/loongarch32r-linux-gnusf/8.3.0/../../../../loongarch32r-linux-gnusf/bin/
LIBRARY_PATH=/home/cyh/chiplab/toolchains/loongarch32r-linux-gnusf-v2.0/bin/../lib/gcc/loongarch32r-linux-gnusf/8.3.0/:/home/cyh/chiplab/toolchains/loongarch32r-linux-gnusf-v2.0/bin/../lib/gcc/:/home/cyh/chiplab/toolchains/loongarch32r-linux-gnusf-v2.0/bin/../lib/gcc/loongarch32r-linux-gnusf/8.3.0/../../../../loongarch32r-linux-gnusf/lib/
COLLECT_GCC_OPTIONS='-v' '-o' 'cmTC_bfb66' '-shared-libgcc' '-mabi=ilp32s' '-march=loongarch32r' '-mfpu=none' '-msimd=none' '-mcmodel=normal' '-mtune=loongarch32r'
 /home/cyh/chiplab/toolchains/loongarch32r-linux-gnusf-v2.0/bin/../libexec/gcc/loongarch32r-linux-gnusf/8.3.0/collect2 --sysroot=/home/cyh/chiplab/toolchains/loongarch32r-linux-gnusf-v2.0/bin/../loongarch32r-linux-gnusf/sysroot --eh-frame-hdr -m elf32loongarch -dynamic-linker /lib32/ld-linux-loongarch-ilp32s.so.1 -o cmTC_bfb66 crt1.o crti.o /home/cyh/chiplab/toolchains/loongarch32r-linux-gnusf-v2.0/bin/../lib/gcc/loongarch32r-linux-gnusf/8.3.0/crtbegin.o -L/home/cyh/chiplab/toolchains/loongarch32r-linux-gnusf-v2.0/bin/../lib/gcc/loongarch32r-linux-gnusf/8.3.0 -L/home/cyh/chiplab/toolchains/loongarch32r-linux-gnusf-v2.0/bin/../lib/gcc -L/home/cyh/chiplab/toolchains/loongarch32r-linux-gnusf-v2.0/bin/../lib/gcc/loongarch32r-linux-gnusf/8.3.0/../../../../loongarch32r-linux-gnusf/lib CMakeFiles/cmTC_bfb66.dir/CMakeCXXCompilerABI.cpp.o -lstdc++ -lm -lgcc_s -lgcc -lc -lgcc_s -lgcc /home/cyh/chiplab/toolchains/loongarch32r-linux-gnusf-v2.0/bin/../lib/gcc/loongarch32r-linux-gnusf/8.3.0/crtend.o crtn.o
/home/cyh/chiplab/toolchains/loongarch32r-linux-gnusf-v2.0/bin/../lib/gcc/loongarch32r-linux-gnusf/8.3.0/../../../../loongarch32r-linux-gnusf/bin/ld: cannot find crt1.o: No such file or directory
/home/cyh/chiplab/toolchains/loongarch32r-linux-gnusf-v2.0/bin/../lib/gcc/loongarch32r-linux-gnusf/8.3.0/../../../../loongarch32r-linux-gnusf/bin/ld: cannot find crti.o: No such file or directory
/home/cyh/chiplab/toolchains/loongarch32r-linux-gnusf-v2.0/bin/../lib/gcc/loongarch32r-linux-gnusf/8.3.0/../../../../loongarch32r-linux-gnusf/bin/ld: cannot find -lstdc++
/home/cyh/chiplab/toolchains/loongarch32r-linux-gnusf-v2.0/bin/../lib/gcc/loongarch32r-linux-gnusf/8.3.0/../../../../loongarch32r-linux-gnusf/bin/ld: cannot find -lm
/home/cyh/chiplab/toolchains/loongarch32r-linux-gnusf-v2.0/bin/../lib/gcc/loongarch32r-linux-gnusf/8.3.0/../../../../loongarch32r-linux-gnusf/bin/ld: cannot find -lgcc_s
/home/cyh/chiplab/toolchains/loongarch32r-linux-gnusf-v2.0/bin/../lib/gcc/loongarch32r-linux-gnusf/8.3.0/../../../../loongarch32r-linux-gnusf/bin/ld: cannot find -lc
/home/cyh/chiplab/toolchains/loongarch32r-linux-gnusf-v2.0/bin/../lib/gcc/loongarch32r-linux-gnusf/8.3.0/../../../../loongarch32r-linux-gnusf/bin/ld: cannot find -lgcc_s
/home/cyh/chiplab/toolchains/loongarch32r-linux-gnusf-v2.0/bin/../lib/gcc/loongarch32r-linux-gnusf/8.3.0/../../../../loongarch32r-linux-gnusf/bin/ld: cannot find crtn.o: No such file or directory
collect2: error: ld returned 1 exit status
ninja: build stopped: subcommand failed.




Determining if the CXX compiler works failed with the following output:
Change Dir: /home/cyh/chiplab/build/CMakeFiles/CMakeTmp

Run Build Command(s):/usr/bin/ninja cmTC_78d0d && [1/2] Building CXX object CMakeFiles/cmTC_78d0d.dir/testCXXCompiler.cxx.o
[2/2] Linking CXX executable cmTC_78d0d
FAILED: cmTC_78d0d 
: && /home/cyh/chiplab/toolchains/loongarch32r-linux-gnusf-v2.0/bin/loongarch32r-linux-gnusf-g++   CMakeFiles/cmTC_78d0d.dir/testCXXCompiler.cxx.o -o cmTC_78d0d   && :
/home/cyh/chiplab/toolchains/loongarch32r-linux-gnusf-v2.0/bin/../lib/gcc/loongarch32r-linux-gnusf/8.3.0/../../../../loongarch32r-linux-gnusf/bin/ld: cannot find crt1.o: No such file or directory
/home/cyh/chiplab/toolchains/loongarch32r-linux-gnusf-v2.0/bin/../lib/gcc/loongarch32r-linux-gnusf/8.3.0/../../../../loongarch32r-linux-gnusf/bin/ld: cannot find crti.o: No such file or directory
/home/cyh/chiplab/toolchains/loongarch32r-linux-gnusf-v2.0/bin/../lib/gcc/loongarch32r-linux-gnusf/8.3.0/../../../../loongarch32r-linux-gnusf/bin/ld: cannot find -lstdc++
/home/cyh/chiplab/toolchains/loongarch32r-linux-gnusf-v2.0/bin/../lib/gcc/loongarch32r-linux-gnusf/8.3.0/../../../../loongarch32r-linux-gnusf/bin/ld: cannot find -lm
/home/cyh/chiplab/toolchains/loongarch32r-linux-gnusf-v2.0/bin/../lib/gcc/loongarch32r-linux-gnusf/8.3.0/../../../../loongarch32r-linux-gnusf/bin/ld: cannot find -lgcc_s
/home/cyh/chiplab/toolchains/loongarch32r-linux-gnusf-v2.0/bin/../lib/gcc/loongarch32r-linux-gnusf/8.3.0/../../../../loongarch32r-linux-gnusf/bin/ld: cannot find -lc
/home/cyh/chiplab/toolchains/loongarch32r-linux-gnusf-v2.0/bin/../lib/gcc/loongarch32r-linux-gnusf/8.3.0/../../../../loongarch32r-linux-gnusf/bin/ld: cannot find -lgcc_s
/home/cyh/chiplab/toolchains/loongarch32r-linux-gnusf-v2.0/bin/../lib/gcc/loongarch32r-linux-gnusf/8.3.0/../../../../loongarch32r-linux-gnusf/bin/ld: cannot find crtn.o: No such file or directory
collect2: error: ld returned 1 exit status
ninja: build stopped: subcommand failed.



Compiling the CXX compiler identification source file "CMakeCXXCompilerId.cpp" failed.
Compiler: /home/cyh/chiplab/toolchains/loongarch32r-linux-gnusf-v2.0/bin/loongarch32r-linux-gnusf-g++ 
Build flags: 
Id flags:  

The output was:
1
/home/cyh/chiplab/toolchains/loongarch32r-linux-gnusf-v2.0/bin/../lib/gcc/loongarch32r-linux-gnusf/8.3.0/../../../../loongarch32r-linux-gnusf/bin/ld: cannot find crt1.o: No such file or directory
/home/cyh/chiplab/toolchains/loongarch32r-linux-gnusf-v2.0/bin/../lib/gcc/loongarch32r-linux-gnusf/8.3.0/../../../../loongarch32r-linux-gnusf/bin/ld: cannot find crti.o: No such file or directory
/home/cyh/chiplab/toolchains/loongarch32r-linux-gnusf-v2.0/bin/../lib/gcc/loongarch32r-linux-gnusf/8.3.0/../../../../loongarch32r-linux-gnusf/bin/ld: cannot find -lstdc++
/home/cyh/chiplab/toolchains/loongarch32r-linux-gnusf-v2.0/bin/../lib/gcc/loongarch32r-linux-gnusf/8.3.0/../../../../loongarch32r-linux-gnusf/bin/ld: cannot find -lm
/home/cyh/chiplab/toolchains/loongarch32r-linux-gnusf-v2.0/bin/../lib/gcc/loongarch32r-linux-gnusf/8.3.0/../../../../loongarch32r-linux-gnusf/bin/ld: cannot find -lgcc_s
/home/cyh/chiplab/toolchains/loongarch32r-linux-gnusf-v2.0/bin/../lib/gcc/loongarch32r-linux-gnusf/8.3.0/../../../../loongarch32r-linux-gnusf/bin/ld: cannot find -lc
/home/cyh/chiplab/toolchains/loongarch32r-linux-gnusf-v2.0/bin/../lib/gcc/loongarch32r-linux-gnusf/8.3.0/../../../../loongarch32r-linux-gnusf/bin/ld: cannot find -lgcc_s
/home/cyh/chiplab/toolchains/loongarch32r-linux-gnusf-v2.0/bin/../lib/gcc/loongarch32r-linux-gnusf/8.3.0/../../../../loongarch32r-linux-gnusf/bin/ld: cannot find crtn.o: No such file or directory
collect2: error: ld returned 1 exit status


Detecting CXX compiler ABI info failed to compile with the following output:
Change Dir: /home/cyh/chiplab/build/CMakeFiles/CMakeTmp

Run Build Command(s):/usr/bin/ninja cmTC_a3f8c && [1/2] Building CXX object CMakeFiles/cmTC_a3f8c.dir/CMakeCXXCompilerABI.cpp.o
Using built-in specs.
COLLECT_GCC=/home/cyh/chiplab/toolchains/loongarch32r-linux-gnusf-v2.0/bin/loongarch32r-linux-gnusf-g++
Target: loongarch32r-linux-gnusf
Configured with: /dev/shm/build_loongarch32r-linux-gnusf_x86_64_v2.0_20230903/src/target_gcc/configure --build=x86_64-redhat-linux --host=x86_64-linux-gnu --target=loongarch32r-linux-gnusf --prefix=/dev/shm/build_loongarch32r-linux-gnusf_x86_64_v2.0_20230903/build-canadian/root/usr --with-sysroot=/dev/shm/build_loongarch32r-linux-gnusf_x86_64_v2.0_20230903/build-canadian/root/usr/loongarch32r-linux-gnusf/sysroot --with-native-system-header-dir=/usr/include --with-gxx-include-dir=/dev/shm/build_loongarch32r-linux-gnusf_x86_64_v2.0_20230903/build-canadian/root/usr/loongarch32r-linux-gnusf/sysroot/usr/include/c++ --enable-languages=c,c++,fortran --with-build-sysroot= --disable-libstdcxx --disable-libgfortran --disable-libgomp --enable-libcc1 --enable-threads=posix --enable-__cxa_atexit --enable-initfini-array --enable-nls --disable-libmpx --disable-bootstrap --with-abi=ilp32s --enable-checking=release --with-pkgversion='LoongArch GNU toolchain LA32 v2.0 (20230903)'
Thread model: posix
gcc version 8.3.0 (LoongArch GNU toolchain LA32 v2.0 (20230903)) 
COLLECT_GCC_OPTIONS='-v' '-o' 'CMakeFiles/cmTC_a3f8c.dir/CMakeCXXCompilerABI.cpp.o' '-c' '-shared-libgcc' '-mabi=ilp32s' '-march=loongarch32r' '-mfpu=none' '-msimd=none' '-mcmodel=normal' '-mtune=loongarch32r'
 /home/cyh/chiplab/toolchains/loongarch32r-linux-gnusf-v2.0/bin/../libexec/gcc/loongarch32r-linux-gnusf/8.3.0/cc1plus -quiet -v -imultilib base/ilp32s -iprefix /home/cyh/chiplab/toolchains/loongarch32r-linux-gnusf-v2.0/bin/../lib/gcc/loongarch32r-linux-gnusf/8.3.0/ -isysroot /home/cyh/chiplab/toolchains/loongarch32r-linux-gnusf-v2.0/bin/../loongarch32r-linux-gnusf/sysroot -D_GNU_SOURCE /usr/share/cmake-3.22/Modules/CMakeCXXCompilerABI.cpp -quiet -dumpbase CMakeCXXCompilerABI.cpp -mabi=ilp32s -march=loongarch32r -mfpu=none -msimd=none -mcmodel=normal -mtune=loongarch32r -auxbase-strip CMakeFiles/cmTC_a3f8c.dir/CMakeCXXCompilerABI.cpp.o -version -o /tmp/cc3svyc3.s
GNU C++14 (LoongArch GNU toolchain LA32 v2.0 (20230903)) version 8.3.0 (loongarch32r-linux-gnusf)
	compiled by GNU C version 8.5.0, GMP version 6.1.0, MPFR version 3.1.4, MPC version 1.0.3, isl version isl-0.18-GMP

GGC heuristics: --param ggc-min-expand=100 --param ggc-min-heapsize=131072
ignoring nonexistent directory "/home/cyh/chiplab/toolchains/loongarch32r-linux-gnusf-v2.0/bin/../lib/gcc/loongarch32r-linux-gnusf/8.3.0/../../../../loongarch32r-linux-gnusf/include"
ignoring nonexistent directory "/home/cyh/chiplab/toolchains/loongarch32r-linux-gnusf-v2.0/bin/../loongarch32r-linux-gnusf/sysroot/usr/include/c++/loongarch32r-linux-gnusf/base/ilp32s"
ignoring duplicate directory "/home/cyh/chiplab/toolchains/loongarch32r-linux-gnusf-v2.0/lib/gcc/loongarch32r-linux-gnusf/8.3.0/include"
ignoring nonexistent directory "/home/cyh/chiplab/toolchains/loongarch32r-linux-gnusf-v2.0/bin/../loongarch32r-linux-gnusf/sysroot/usr/local/include"
ignoring duplicate directory "/home/cyh/chiplab/toolchains/loongarch32r-linux-gnusf-v2.0/lib/gcc/loongarch32r-linux-gnusf/8.3.0/include-fixed"
ignoring nonexistent directory "/home/cyh/chiplab/toolchains/loongarch32r-linux-gnusf-v2.0/bin/../lib/gcc/../../lib/gcc/loongarch32r-linux-gnusf/8.3.0/../../../../loongarch32r-linux-gnusf/include"
#include "..." search starts here:
#include <...> search starts here:
 /home/cyh/chiplab/toolchains/loongarch32r-linux-gnusf-v2.0/lib/gcc/loongarch32r-linux-gnusf/8.3.0/include
 /home/cyh/chiplab/toolchains/loongarch32r-linux-gnusf-v2.0/lib/gcc/loongarch32r-linux-gnusf/8.3.0/include-fixed
 /home/cyh/chiplab/toolchains/loongarch32r-linux-gnusf-v2.0/loongarch32r-linux-gnusf/sysroot/usr/include/c++
 /home/cyh/chiplab/toolchains/loongarch32r-linux-gnusf-v2.0/loongarch32r-linux-gnusf/sysroot/usr/include/c++/backward
 /home/cyh/chiplab/toolchains/loongarch32r-linux-gnusf-v2.0/loongarch32r-linux-gnusf/sysroot/usr/include
End of search list.
GNU C++14 (LoongArch GNU toolchain LA32 v2.0 (20230903)) version 8.3.0 (loongarch32r-linux-gnusf)
	compiled by GNU C version 8.5.0, GMP version 6.1.0, MPFR version 3.1.4, MPC version 1.0.3, isl version isl-0.18-GMP

GGC heuristics: --param ggc-min-expand=100 --param ggc-min-heapsize=131072
Compiler executable checksum: 67bf4a30d1e74b930012b20c1eaf82de
COLLECT_GCC_OPTIONS='-v' '-o' 'CMakeFiles/cmTC_a3f8c.dir/CMakeCXXCompilerABI.cpp.o' '-c' '-shared-libgcc' '-mabi=ilp32s' '-march=loongarch32r' '-mfpu=none' '-msimd=none' '-mcmodel=normal' '-mtune=loongarch32r'
 /home/cyh/chiplab/toolchains/loongarch32r-linux-gnusf-v2.0/bin/../lib/gcc/loongarch32r-linux-gnusf/8.3.0/../../../../loongarch32r-linux-gnusf/bin/as -v -mabi=ilp32 -o CMakeFiles/cmTC_a3f8c.dir/CMakeCXXCompilerABI.cpp.o /tmp/cc3svyc3.s
GNU assembler version 2.31.1 (loongarch32r-linux-gnusf) using BFD version (LoongArch GNU toolchain LA32 v2.0 20230903) 2.31.1.20190122
COMPILER_PATH=/home/cyh/chiplab/toolchains/loongarch32r-linux-gnusf-v2.0/bin/../libexec/gcc/loongarch32r-linux-gnusf/8.3.0/:/home/cyh/chiplab/toolchains/loongarch32r-linux-gnusf-v2.0/bin/../libexec/gcc/:/home/cyh/chiplab/toolchains/loongarch32r-linux-gnusf-v2.0/bin/../lib/gcc/loongarch32r-linux-gnusf/8.3.0/../../../../loongarch32r-linux-gnusf/bin/
LIBRARY_PATH=/home/cyh/chiplab/toolchains/loongarch32r-linux-gnusf-v2.0/bin/../lib/gcc/loongarch32r-linux-gnusf/8.3.0/:/home/cyh/chiplab/toolchains/loongarch32r-linux-gnusf-v2.0/bin/../lib/gcc/:/home/cyh/chiplab/toolchains/loongarch32r-linux-gnusf-v2.0/bin/../lib/gcc/loongarch32r-linux-gnusf/8.3.0/../../../../loongarch32r-linux-gnusf/lib/
COLLECT_GCC_OPTIONS='-v' '-o' 'CMakeFiles/cmTC_a3f8c.dir/CMakeCXXCompilerABI.cpp.o' '-c' '-shared-libgcc' '-mabi=ilp32s' '-march=loongarch32r' '-mfpu=none' '-msimd=none' '-mcmodel=normal' '-mtune=loongarch32r'
[2/2] Linking CXX executable cmTC_a3f8c
FAILED: cmTC_a3f8c 
: && /home/cyh/chiplab/toolchains/loongarch32r-linux-gnusf-v2.0/bin/loongarch32r-linux-gnusf-g++  -v CMakeFiles/cmTC_a3f8c.dir/CMakeCXXCompilerABI.cpp.o -o cmTC_a3f8c   && :
Using built-in specs.
COLLECT_GCC=/home/cyh/chiplab/toolchains/loongarch32r-linux-gnusf-v2.0/bin/loongarch32r-linux-gnusf-g++
COLLECT_LTO_WRAPPER=/home/cyh/chiplab/toolchains/loongarch32r-linux-gnusf-v2.0/bin/../libexec/gcc/loongarch32r-linux-gnusf/8.3.0/lto-wrapper
Target: loongarch32r-linux-gnusf
Configured with: /dev/shm/build_loongarch32r-linux-gnusf_x86_64_v2.0_20230903/src/target_gcc/configure --build=x86_64-redhat-linux --host=x86_64-linux-gnu --target=loongarch32r-linux-gnusf --prefix=/dev/shm/build_loongarch32r-linux-gnusf_x86_64_v2.0_20230903/build-canadian/root/usr --with-sysroot=/dev/shm/build_loongarch32r-linux-gnusf_x86_64_v2.0_20230903/build-canadian/root/usr/loongarch32r-linux-gnusf/sysroot --with-native-system-header-dir=/usr/include --with-gxx-include-dir=/dev/shm/build_loongarch32r-linux-gnusf_x86_64_v2.0_20230903/build-canadian/root/usr/loongarch32r-linux-gnusf/sysroot/usr/include/c++ --enable-languages=c,c++,fortran --with-build-sysroot= --disable-libstdcxx --disable-libgfortran --disable-libgomp --enable-libcc1 --enable-threads=posix --enable-__cxa_atexit --enable-initfini-array --enable-nls --disable-libmpx --disable-bootstrap --with-abi=ilp32s --enable-checking=release --with-pkgversion='LoongArch GNU toolchain LA32 v2.0 (20230903)'
Thread model: posix
gcc version 8.3.0 (LoongArch GNU toolchain LA32 v2.0 (20230903)) 
COMPILER_PATH=/home/cyh/chiplab/toolchains/loongarch32r-linux-gnusf-v2.0/bin/../libexec/gcc/loongarch32r-linux-gnusf/8.3.0/:/home/cyh/chiplab/toolchains/loongarch32r-linux-gnusf-v2.0/bin/../libexec/gcc/:/home/cyh/chiplab/toolchains/loongarch32r-linux-gnusf-v2.0/bin/../lib/gcc/loongarch32r-linux-gnusf/8.3.0/../../../../loongarch32r-linux-gnusf/bin/
LIBRARY_PATH=/home/cyh/chiplab/toolchains/loongarch32r-linux-gnusf-v2.0/bin/../lib/gcc/loongarch32r-linux-gnusf/8.3.0/:/home/cyh/chiplab/toolchains/loongarch32r-linux-gnusf-v2.0/bin/../lib/gcc/:/home/cyh/chiplab/toolchains/loongarch32r-linux-gnusf-v2.0/bin/../lib/gcc/loongarch32r-linux-gnusf/8.3.0/../../../../loongarch32r-linux-gnusf/lib/
COLLECT_GCC_OPTIONS='-v' '-o' 'cmTC_a3f8c' '-shared-libgcc' '-mabi=ilp32s' '-march=loongarch32r' '-mfpu=none' '-msimd=none' '-mcmodel=normal' '-mtune=loongarch32r'
 /home/cyh/chiplab/toolchains/loongarch32r-linux-gnusf-v2.0/bin/../libexec/gcc/loongarch32r-linux-gnusf/8.3.0/collect2 --sysroot=/home/cyh/chiplab/toolchains/loongarch32r-linux-gnusf-v2.0/bin/../loongarch32r-linux-gnusf/sysroot --eh-frame-hdr -m elf32loongarch -dynamic-linker /lib32/ld-linux-loongarch-ilp32s.so.1 -o cmTC_a3f8c crt1.o crti.o /home/cyh/chiplab/toolchains/loongarch32r-linux-gnusf-v2.0/bin/../lib/gcc/loongarch32r-linux-gnusf/8.3.0/crtbegin.o -L/home/cyh/chiplab/toolchains/loongarch32r-linux-gnusf-v2.0/bin/../lib/gcc/loongarch32r-linux-gnusf/8.3.0 -L/home/cyh/chiplab/toolchains/loongarch32r-linux-gnusf-v2.0/bin/../lib/gcc -L/home/cyh/chiplab/toolchains/loongarch32r-linux-gnusf-v2.0/bin/../lib/gcc/loongarch32r-linux-gnusf/8.3.0/../../../../loongarch32r-linux-gnusf/lib CMakeFiles/cmTC_a3f8c.dir/CMakeCXXCompilerABI.cpp.o -lstdc++ -lm -lgcc_s -lgcc -lc -lgcc_s -lgcc /home/cyh/chiplab/toolchains/loongarch32r-linux-gnusf-v2.0/bin/../lib/gcc/loongarch32r-linux-gnusf/8.3.0/crtend.o crtn.o
/home/cyh/chiplab/toolchains/loongarch32r-linux-gnusf-v2.0/bin/../lib/gcc/loongarch32r-linux-gnusf/8.3.0/../../../../loongarch32r-linux-gnusf/bin/ld: cannot find crt1.o: No such file or directory
/home/cyh/chiplab/toolchains/loongarch32r-linux-gnusf-v2.0/bin/../lib/gcc/loongarch32r-linux-gnusf/8.3.0/../../../../loongarch32r-linux-gnusf/bin/ld: cannot find crti.o: No such file or directory
/home/cyh/chiplab/toolchains/loongarch32r-linux-gnusf-v2.0/bin/../lib/gcc/loongarch32r-linux-gnusf/8.3.0/../../../../loongarch32r-linux-gnusf/bin/ld: cannot find -lstdc++
/home/cyh/chiplab/toolchains/loongarch32r-linux-gnusf-v2.0/bin/../lib/gcc/loongarch32r-linux-gnusf/8.3.0/../../../../loongarch32r-linux-gnusf/bin/ld: cannot find -lm
/home/cyh/chiplab/toolchains/loongarch32r-linux-gnusf-v2.0/bin/../lib/gcc/loongarch32r-linux-gnusf/8.3.0/../../../../loongarch32r-linux-gnusf/bin/ld: cannot find -lgcc_s
/home/cyh/chiplab/toolchains/loongarch32r-linux-gnusf-v2.0/bin/../lib/gcc/loongarch32r-linux-gnusf/8.3.0/../../../../loongarch32r-linux-gnusf/bin/ld: cannot find -lc
/home/cyh/chiplab/toolchains/loongarch32r-linux-gnusf-v2.0/bin/../lib/gcc/loongarch32r-linux-gnusf/8.3.0/../../../../loongarch32r-linux-gnusf/bin/ld: cannot find -lgcc_s
/home/cyh/chiplab/toolchains/loongarch32r-linux-gnusf-v2.0/bin/../lib/gcc/loongarch32r-linux-gnusf/8.3.0/../../../../loongarch32r-linux-gnusf/bin/ld: cannot find crtn.o: No such file or directory
collect2: error: ld returned 1 exit status
ninja: build stopped: subcommand failed.




Determining if the CXX compiler works failed with the following output:
Change Dir: /home/cyh/chiplab/build/CMakeFiles/CMakeTmp

Run Build Command(s):/usr/bin/ninja cmTC_e26ab && [1/2] Building CXX object CMakeFiles/cmTC_e26ab.dir/testCXXCompiler.cxx.o
[2/2] Linking CXX executable cmTC_e26ab
FAILED: cmTC_e26ab 
: && /home/cyh/chiplab/toolchains/loongarch32r-linux-gnusf-v2.0/bin/loongarch32r-linux-gnusf-g++   CMakeFiles/cmTC_e26ab.dir/testCXXCompiler.cxx.o -o cmTC_e26ab   && :
/home/cyh/chiplab/toolchains/loongarch32r-linux-gnusf-v2.0/bin/../lib/gcc/loongarch32r-linux-gnusf/8.3.0/../../../../loongarch32r-linux-gnusf/bin/ld: cannot find crt1.o: No such file or directory
/home/cyh/chiplab/toolchains/loongarch32r-linux-gnusf-v2.0/bin/../lib/gcc/loongarch32r-linux-gnusf/8.3.0/../../../../loongarch32r-linux-gnusf/bin/ld: cannot find crti.o: No such file or directory
/home/cyh/chiplab/toolchains/loongarch32r-linux-gnusf-v2.0/bin/../lib/gcc/loongarch32r-linux-gnusf/8.3.0/../../../../loongarch32r-linux-gnusf/bin/ld: cannot find -lstdc++
/home/cyh/chiplab/toolchains/loongarch32r-linux-gnusf-v2.0/bin/../lib/gcc/loongarch32r-linux-gnusf/8.3.0/../../../../loongarch32r-linux-gnusf/bin/ld: cannot find -lm
/home/cyh/chiplab/toolchains/loongarch32r-linux-gnusf-v2.0/bin/../lib/gcc/loongarch32r-linux-gnusf/8.3.0/../../../../loongarch32r-linux-gnusf/bin/ld: cannot find -lgcc_s
/home/cyh/chiplab/toolchains/loongarch32r-linux-gnusf-v2.0/bin/../lib/gcc/loongarch32r-linux-gnusf/8.3.0/../../../../loongarch32r-linux-gnusf/bin/ld: cannot find -lc
/home/cyh/chiplab/toolchains/loongarch32r-linux-gnusf-v2.0/bin/../lib/gcc/loongarch32r-linux-gnusf/8.3.0/../../../../loongarch32r-linux-gnusf/bin/ld: cannot find -lgcc_s
/home/cyh/chiplab/toolchains/loongarch32r-linux-gnusf-v2.0/bin/../lib/gcc/loongarch32r-linux-gnusf/8.3.0/../../../../loongarch32r-linux-gnusf/bin/ld: cannot find crtn.o: No such file or directory
collect2: error: ld returned 1 exit status
ninja: build stopped: subcommand failed.



Compiling the CXX compiler identification source file "CMakeCXXCompilerId.cpp" failed.
Compiler: /home/cyh/chiplab/toolchains/loongarch32r-linux-gnusf-v2.0/bin/loongarch32r-linux-gnusf-g++ 
Build flags: 
Id flags:  

The output was:
1
/home/cyh/chiplab/toolchains/loongarch32r-linux-gnusf-v2.0/bin/../lib/gcc/loongarch32r-linux-gnusf/8.3.0/../../../../loongarch32r-linux-gnusf/bin/ld: cannot find crt1.o: No such file or directory
/home/cyh/chiplab/toolchains/loongarch32r-linux-gnusf-v2.0/bin/../lib/gcc/loongarch32r-linux-gnusf/8.3.0/../../../../loongarch32r-linux-gnusf/bin/ld: cannot find crti.o: No such file or directory
/home/cyh/chiplab/toolchains/loongarch32r-linux-gnusf-v2.0/bin/../lib/gcc/loongarch32r-linux-gnusf/8.3.0/../../../../loongarch32r-linux-gnusf/bin/ld: cannot find -lstdc++
/home/cyh/chiplab/toolchains/loongarch32r-linux-gnusf-v2.0/bin/../lib/gcc/loongarch32r-linux-gnusf/8.3.0/../../../../loongarch32r-linux-gnusf/bin/ld: cannot find -lm
/home/cyh/chiplab/toolchains/loongarch32r-linux-gnusf-v2.0/bin/../lib/gcc/loongarch32r-linux-gnusf/8.3.0/../../../../loongarch32r-linux-gnusf/bin/ld: cannot find -lgcc_s
/home/cyh/chiplab/toolchains/loongarch32r-linux-gnusf-v2.0/bin/../lib/gcc/loongarch32r-linux-gnusf/8.3.0/../../../../loongarch32r-linux-gnusf/bin/ld: cannot find -lc
/home/cyh/chiplab/toolchains/loongarch32r-linux-gnusf-v2.0/bin/../lib/gcc/loongarch32r-linux-gnusf/8.3.0/../../../../loongarch32r-linux-gnusf/bin/ld: cannot find -lgcc_s
/home/cyh/chiplab/toolchains/loongarch32r-linux-gnusf-v2.0/bin/../lib/gcc/loongarch32r-linux-gnusf/8.3.0/../../../../loongarch32r-linux-gnusf/bin/ld: cannot find crtn.o: No such file or directory
collect2: error: ld returned 1 exit status


Detecting CXX compiler ABI info failed to compile with the following output:
Change Dir: /home/cyh/chiplab/build/CMakeFiles/CMakeTmp

Run Build Command(s):/usr/bin/ninja cmTC_a4eb6 && [1/2] Building CXX object CMakeFiles/cmTC_a4eb6.dir/CMakeCXXCompilerABI.cpp.o
Using built-in specs.
COLLECT_GCC=/home/cyh/chiplab/toolchains/loongarch32r-linux-gnusf-v2.0/bin/loongarch32r-linux-gnusf-g++
Target: loongarch32r-linux-gnusf
Configured with: /dev/shm/build_loongarch32r-linux-gnusf_x86_64_v2.0_20230903/src/target_gcc/configure --build=x86_64-redhat-linux --host=x86_64-linux-gnu --target=loongarch32r-linux-gnusf --prefix=/dev/shm/build_loongarch32r-linux-gnusf_x86_64_v2.0_20230903/build-canadian/root/usr --with-sysroot=/dev/shm/build_loongarch32r-linux-gnusf_x86_64_v2.0_20230903/build-canadian/root/usr/loongarch32r-linux-gnusf/sysroot --with-native-system-header-dir=/usr/include --with-gxx-include-dir=/dev/shm/build_loongarch32r-linux-gnusf_x86_64_v2.0_20230903/build-canadian/root/usr/loongarch32r-linux-gnusf/sysroot/usr/include/c++ --enable-languages=c,c++,fortran --with-build-sysroot= --disable-libstdcxx --disable-libgfortran --disable-libgomp --enable-libcc1 --enable-threads=posix --enable-__cxa_atexit --enable-initfini-array --enable-nls --disable-libmpx --disable-bootstrap --with-abi=ilp32s --enable-checking=release --with-pkgversion='LoongArch GNU toolchain LA32 v2.0 (20230903)'
Thread model: posix
gcc version 8.3.0 (LoongArch GNU toolchain LA32 v2.0 (20230903)) 
COLLECT_GCC_OPTIONS='-v' '-o' 'CMakeFiles/cmTC_a4eb6.dir/CMakeCXXCompilerABI.cpp.o' '-c' '-shared-libgcc' '-mabi=ilp32s' '-march=loongarch32r' '-mfpu=none' '-msimd=none' '-mcmodel=normal' '-mtune=loongarch32r'
 /home/cyh/chiplab/toolchains/loongarch32r-linux-gnusf-v2.0/bin/../libexec/gcc/loongarch32r-linux-gnusf/8.3.0/cc1plus -quiet -v -imultilib base/ilp32s -iprefix /home/cyh/chiplab/toolchains/loongarch32r-linux-gnusf-v2.0/bin/../lib/gcc/loongarch32r-linux-gnusf/8.3.0/ -isysroot /home/cyh/chiplab/toolchains/loongarch32r-linux-gnusf-v2.0/bin/../loongarch32r-linux-gnusf/sysroot -D_GNU_SOURCE /usr/share/cmake-3.22/Modules/CMakeCXXCompilerABI.cpp -quiet -dumpbase CMakeCXXCompilerABI.cpp -mabi=ilp32s -march=loongarch32r -mfpu=none -msimd=none -mcmodel=normal -mtune=loongarch32r -auxbase-strip CMakeFiles/cmTC_a4eb6.dir/CMakeCXXCompilerABI.cpp.o -version -o /tmp/ccaVkNTK.s
GNU C++14 (LoongArch GNU toolchain LA32 v2.0 (20230903)) version 8.3.0 (loongarch32r-linux-gnusf)
	compiled by GNU C version 8.5.0, GMP version 6.1.0, MPFR version 3.1.4, MPC version 1.0.3, isl version isl-0.18-GMP

GGC heuristics: --param ggc-min-expand=100 --param ggc-min-heapsize=131072
ignoring nonexistent directory "/home/cyh/chiplab/toolchains/loongarch32r-linux-gnusf-v2.0/bin/../lib/gcc/loongarch32r-linux-gnusf/8.3.0/../../../../loongarch32r-linux-gnusf/include"
ignoring nonexistent directory "/home/cyh/chiplab/toolchains/loongarch32r-linux-gnusf-v2.0/bin/../loongarch32r-linux-gnusf/sysroot/usr/include/c++/loongarch32r-linux-gnusf/base/ilp32s"
ignoring duplicate directory "/home/cyh/chiplab/toolchains/loongarch32r-linux-gnusf-v2.0/lib/gcc/loongarch32r-linux-gnusf/8.3.0/include"
ignoring nonexistent directory "/home/cyh/chiplab/toolchains/loongarch32r-linux-gnusf-v2.0/bin/../loongarch32r-linux-gnusf/sysroot/usr/local/include"
ignoring duplicate directory "/home/cyh/chiplab/toolchains/loongarch32r-linux-gnusf-v2.0/lib/gcc/loongarch32r-linux-gnusf/8.3.0/include-fixed"
ignoring nonexistent directory "/home/cyh/chiplab/toolchains/loongarch32r-linux-gnusf-v2.0/bin/../lib/gcc/../../lib/gcc/loongarch32r-linux-gnusf/8.3.0/../../../../loongarch32r-linux-gnusf/include"
#include "..." search starts here:
#include <...> search starts here:
 /home/cyh/chiplab/toolchains/loongarch32r-linux-gnusf-v2.0/lib/gcc/loongarch32r-linux-gnusf/8.3.0/include
 /home/cyh/chiplab/toolchains/loongarch32r-linux-gnusf-v2.0/lib/gcc/loongarch32r-linux-gnusf/8.3.0/include-fixed
 /home/cyh/chiplab/toolchains/loongarch32r-linux-gnusf-v2.0/loongarch32r-linux-gnusf/sysroot/usr/include/c++
 /home/cyh/chiplab/toolchains/loongarch32r-linux-gnusf-v2.0/loongarch32r-linux-gnusf/sysroot/usr/include/c++/backward
 /home/cyh/chiplab/toolchains/loongarch32r-linux-gnusf-v2.0/loongarch32r-linux-gnusf/sysroot/usr/include
End of search list.
GNU C++14 (LoongArch GNU toolchain LA32 v2.0 (20230903)) version 8.3.0 (loongarch32r-linux-gnusf)
	compiled by GNU C version 8.5.0, GMP version 6.1.0, MPFR version 3.1.4, MPC version 1.0.3, isl version isl-0.18-GMP

GGC heuristics: --param ggc-min-expand=100 --param ggc-min-heapsize=131072
Compiler executable checksum: 67bf4a30d1e74b930012b20c1eaf82de
COLLECT_GCC_OPTIONS='-v' '-o' 'CMakeFiles/cmTC_a4eb6.dir/CMakeCXXCompilerABI.cpp.o' '-c' '-shared-libgcc' '-mabi=ilp32s' '-march=loongarch32r' '-mfpu=none' '-msimd=none' '-mcmodel=normal' '-mtune=loongarch32r'
 /home/cyh/chiplab/toolchains/loongarch32r-linux-gnusf-v2.0/bin/../lib/gcc/loongarch32r-linux-gnusf/8.3.0/../../../../loongarch32r-linux-gnusf/bin/as -v -mabi=ilp32 -o CMakeFiles/cmTC_a4eb6.dir/CMakeCXXCompilerABI.cpp.o /tmp/ccaVkNTK.s
GNU assembler version 2.31.1 (loongarch32r-linux-gnusf) using BFD version (LoongArch GNU toolchain LA32 v2.0 20230903) 2.31.1.20190122
COMPILER_PATH=/home/cyh/chiplab/toolchains/loongarch32r-linux-gnusf-v2.0/bin/../libexec/gcc/loongarch32r-linux-gnusf/8.3.0/:/home/cyh/chiplab/toolchains/loongarch32r-linux-gnusf-v2.0/bin/../libexec/gcc/:/home/cyh/chiplab/toolchains/loongarch32r-linux-gnusf-v2.0/bin/../lib/gcc/loongarch32r-linux-gnusf/8.3.0/../../../../loongarch32r-linux-gnusf/bin/
LIBRARY_PATH=/home/cyh/chiplab/toolchains/loongarch32r-linux-gnusf-v2.0/bin/../lib/gcc/loongarch32r-linux-gnusf/8.3.0/:/home/cyh/chiplab/toolchains/loongarch32r-linux-gnusf-v2.0/bin/../lib/gcc/:/home/cyh/chiplab/toolchains/loongarch32r-linux-gnusf-v2.0/bin/../lib/gcc/loongarch32r-linux-gnusf/8.3.0/../../../../loongarch32r-linux-gnusf/lib/
COLLECT_GCC_OPTIONS='-v' '-o' 'CMakeFiles/cmTC_a4eb6.dir/CMakeCXXCompilerABI.cpp.o' '-c' '-shared-libgcc' '-mabi=ilp32s' '-march=loongarch32r' '-mfpu=none' '-msimd=none' '-mcmodel=normal' '-mtune=loongarch32r'
[2/2] Linking CXX executable cmTC_a4eb6
FAILED: cmTC_a4eb6 
: && /home/cyh/chiplab/toolchains/loongarch32r-linux-gnusf-v2.0/bin/loongarch32r-linux-gnusf-g++  -v CMakeFiles/cmTC_a4eb6.dir/CMakeCXXCompilerABI.cpp.o -o cmTC_a4eb6   && :
Using built-in specs.
COLLECT_GCC=/home/cyh/chiplab/toolchains/loongarch32r-linux-gnusf-v2.0/bin/loongarch32r-linux-gnusf-g++
COLLECT_LTO_WRAPPER=/home/cyh/chiplab/toolchains/loongarch32r-linux-gnusf-v2.0/bin/../libexec/gcc/loongarch32r-linux-gnusf/8.3.0/lto-wrapper
Target: loongarch32r-linux-gnusf
Configured with: /dev/shm/build_loongarch32r-linux-gnusf_x86_64_v2.0_20230903/src/target_gcc/configure --build=x86_64-redhat-linux --host=x86_64-linux-gnu --target=loongarch32r-linux-gnusf --prefix=/dev/shm/build_loongarch32r-linux-gnusf_x86_64_v2.0_20230903/build-canadian/root/usr --with-sysroot=/dev/shm/build_loongarch32r-linux-gnusf_x86_64_v2.0_20230903/build-canadian/root/usr/loongarch32r-linux-gnusf/sysroot --with-native-system-header-dir=/usr/include --with-gxx-include-dir=/dev/shm/build_loongarch32r-linux-gnusf_x86_64_v2.0_20230903/build-canadian/root/usr/loongarch32r-linux-gnusf/sysroot/usr/include/c++ --enable-languages=c,c++,fortran --with-build-sysroot= --disable-libstdcxx --disable-libgfortran --disable-libgomp --enable-libcc1 --enable-threads=posix --enable-__cxa_atexit --enable-initfini-array --enable-nls --disable-libmpx --disable-bootstrap --with-abi=ilp32s --enable-checking=release --with-pkgversion='LoongArch GNU toolchain LA32 v2.0 (20230903)'
Thread model: posix
gcc version 8.3.0 (LoongArch GNU toolchain LA32 v2.0 (20230903)) 
COMPILER_PATH=/home/cyh/chiplab/toolchains/loongarch32r-linux-gnusf-v2.0/bin/../libexec/gcc/loongarch32r-linux-gnusf/8.3.0/:/home/cyh/chiplab/toolchains/loongarch32r-linux-gnusf-v2.0/bin/../libexec/gcc/:/home/cyh/chiplab/toolchains/loongarch32r-linux-gnusf-v2.0/bin/../lib/gcc/loongarch32r-linux-gnusf/8.3.0/../../../../loongarch32r-linux-gnusf/bin/
LIBRARY_PATH=/home/cyh/chiplab/toolchains/loongarch32r-linux-gnusf-v2.0/bin/../lib/gcc/loongarch32r-linux-gnusf/8.3.0/:/home/cyh/chiplab/toolchains/loongarch32r-linux-gnusf-v2.0/bin/../lib/gcc/:/home/cyh/chiplab/toolchains/loongarch32r-linux-gnusf-v2.0/bin/../lib/gcc/loongarch32r-linux-gnusf/8.3.0/../../../../loongarch32r-linux-gnusf/lib/
COLLECT_GCC_OPTIONS='-v' '-o' 'cmTC_a4eb6' '-shared-libgcc' '-mabi=ilp32s' '-march=loongarch32r' '-mfpu=none' '-msimd=none' '-mcmodel=normal' '-mtune=loongarch32r'
 /home/cyh/chiplab/toolchains/loongarch32r-linux-gnusf-v2.0/bin/../libexec/gcc/loongarch32r-linux-gnusf/8.3.0/collect2 --sysroot=/home/cyh/chiplab/toolchains/loongarch32r-linux-gnusf-v2.0/bin/../loongarch32r-linux-gnusf/sysroot --eh-frame-hdr -m elf32loongarch -dynamic-linker /lib32/ld-linux-loongarch-ilp32s.so.1 -o cmTC_a4eb6 crt1.o crti.o /home/cyh/chiplab/toolchains/loongarch32r-linux-gnusf-v2.0/bin/../lib/gcc/loongarch32r-linux-gnusf/8.3.0/crtbegin.o -L/home/cyh/chiplab/toolchains/loongarch32r-linux-gnusf-v2.0/bin/../lib/gcc/loongarch32r-linux-gnusf/8.3.0 -L/home/cyh/chiplab/toolchains/loongarch32r-linux-gnusf-v2.0/bin/../lib/gcc -L/home/cyh/chiplab/toolchains/loongarch32r-linux-gnusf-v2.0/bin/../lib/gcc/loongarch32r-linux-gnusf/8.3.0/../../../../loongarch32r-linux-gnusf/lib CMakeFiles/cmTC_a4eb6.dir/CMakeCXXCompilerABI.cpp.o -lstdc++ -lm -lgcc_s -lgcc -lc -lgcc_s -lgcc /home/cyh/chiplab/toolchains/loongarch32r-linux-gnusf-v2.0/bin/../lib/gcc/loongarch32r-linux-gnusf/8.3.0/crtend.o crtn.o
/home/cyh/chiplab/toolchains/loongarch32r-linux-gnusf-v2.0/bin/../lib/gcc/loongarch32r-linux-gnusf/8.3.0/../../../../loongarch32r-linux-gnusf/bin/ld: cannot find crt1.o: No such file or directory
/home/cyh/chiplab/toolchains/loongarch32r-linux-gnusf-v2.0/bin/../lib/gcc/loongarch32r-linux-gnusf/8.3.0/../../../../loongarch32r-linux-gnusf/bin/ld: cannot find crti.o: No such file or directory
/home/cyh/chiplab/toolchains/loongarch32r-linux-gnusf-v2.0/bin/../lib/gcc/loongarch32r-linux-gnusf/8.3.0/../../../../loongarch32r-linux-gnusf/bin/ld: cannot find -lstdc++
/home/cyh/chiplab/toolchains/loongarch32r-linux-gnusf-v2.0/bin/../lib/gcc/loongarch32r-linux-gnusf/8.3.0/../../../../loongarch32r-linux-gnusf/bin/ld: cannot find -lm
/home/cyh/chiplab/toolchains/loongarch32r-linux-gnusf-v2.0/bin/../lib/gcc/loongarch32r-linux-gnusf/8.3.0/../../../../loongarch32r-linux-gnusf/bin/ld: cannot find -lgcc_s
/home/cyh/chiplab/toolchains/loongarch32r-linux-gnusf-v2.0/bin/../lib/gcc/loongarch32r-linux-gnusf/8.3.0/../../../../loongarch32r-linux-gnusf/bin/ld: cannot find -lc
/home/cyh/chiplab/toolchains/loongarch32r-linux-gnusf-v2.0/bin/../lib/gcc/loongarch32r-linux-gnusf/8.3.0/../../../../loongarch32r-linux-gnusf/bin/ld: cannot find -lgcc_s
/home/cyh/chiplab/toolchains/loongarch32r-linux-gnusf-v2.0/bin/../lib/gcc/loongarch32r-linux-gnusf/8.3.0/../../../../loongarch32r-linux-gnusf/bin/ld: cannot find crtn.o: No such file or directory
collect2: error: ld returned 1 exit status
ninja: build stopped: subcommand failed.




Determining if the CXX compiler works failed with the following output:
Change Dir: /home/cyh/chiplab/build/CMakeFiles/CMakeTmp

Run Build Command(s):/usr/bin/ninja cmTC_62f3e && [1/2] Building CXX object CMakeFiles/cmTC_62f3e.dir/testCXXCompiler.cxx.o
[2/2] Linking CXX executable cmTC_62f3e
FAILED: cmTC_62f3e 
: && /home/cyh/chiplab/toolchains/loongarch32r-linux-gnusf-v2.0/bin/loongarch32r-linux-gnusf-g++   CMakeFiles/cmTC_62f3e.dir/testCXXCompiler.cxx.o -o cmTC_62f3e   && :
/home/cyh/chiplab/toolchains/loongarch32r-linux-gnusf-v2.0/bin/../lib/gcc/loongarch32r-linux-gnusf/8.3.0/../../../../loongarch32r-linux-gnusf/bin/ld: cannot find crt1.o: No such file or directory
/home/cyh/chiplab/toolchains/loongarch32r-linux-gnusf-v2.0/bin/../lib/gcc/loongarch32r-linux-gnusf/8.3.0/../../../../loongarch32r-linux-gnusf/bin/ld: cannot find crti.o: No such file or directory
/home/cyh/chiplab/toolchains/loongarch32r-linux-gnusf-v2.0/bin/../lib/gcc/loongarch32r-linux-gnusf/8.3.0/../../../../loongarch32r-linux-gnusf/bin/ld: cannot find -lstdc++
/home/cyh/chiplab/toolchains/loongarch32r-linux-gnusf-v2.0/bin/../lib/gcc/loongarch32r-linux-gnusf/8.3.0/../../../../loongarch32r-linux-gnusf/bin/ld: cannot find -lm
/home/cyh/chiplab/toolchains/loongarch32r-linux-gnusf-v2.0/bin/../lib/gcc/loongarch32r-linux-gnusf/8.3.0/../../../../loongarch32r-linux-gnusf/bin/ld: cannot find -lgcc_s
/home/cyh/chiplab/toolchains/loongarch32r-linux-gnusf-v2.0/bin/../lib/gcc/loongarch32r-linux-gnusf/8.3.0/../../../../loongarch32r-linux-gnusf/bin/ld: cannot find -lc
/home/cyh/chiplab/toolchains/loongarch32r-linux-gnusf-v2.0/bin/../lib/gcc/loongarch32r-linux-gnusf/8.3.0/../../../../loongarch32r-linux-gnusf/bin/ld: cannot find -lgcc_s
/home/cyh/chiplab/toolchains/loongarch32r-linux-gnusf-v2.0/bin/../lib/gcc/loongarch32r-linux-gnusf/8.3.0/../../../../loongarch32r-linux-gnusf/bin/ld: cannot find crtn.o: No such file or directory
collect2: error: ld returned 1 exit status
ninja: build stopped: subcommand failed.



Compiling the CXX compiler identification source file "CMakeCXXCompilerId.cpp" failed.
Compiler: /home/cyh/chiplab/toolchains/loongarch32r-linux-gnusf-v2.0/bin/loongarch32r-linux-gnusf-g++ 
Build flags: 
Id flags:  

The output was:
1
/home/cyh/chiplab/toolchains/loongarch32r-linux-gnusf-v2.0/bin/../lib/gcc/loongarch32r-linux-gnusf/8.3.0/../../../../loongarch32r-linux-gnusf/bin/ld: cannot find crt1.o: No such file or directory
/home/cyh/chiplab/toolchains/loongarch32r-linux-gnusf-v2.0/bin/../lib/gcc/loongarch32r-linux-gnusf/8.3.0/../../../../loongarch32r-linux-gnusf/bin/ld: cannot find crti.o: No such file or directory
/home/cyh/chiplab/toolchains/loongarch32r-linux-gnusf-v2.0/bin/../lib/gcc/loongarch32r-linux-gnusf/8.3.0/../../../../loongarch32r-linux-gnusf/bin/ld: cannot find -lstdc++
/home/cyh/chiplab/toolchains/loongarch32r-linux-gnusf-v2.0/bin/../lib/gcc/loongarch32r-linux-gnusf/8.3.0/../../../../loongarch32r-linux-gnusf/bin/ld: cannot find -lm
/home/cyh/chiplab/toolchains/loongarch32r-linux-gnusf-v2.0/bin/../lib/gcc/loongarch32r-linux-gnusf/8.3.0/../../../../loongarch32r-linux-gnusf/bin/ld: cannot find -lgcc_s
/home/cyh/chiplab/toolchains/loongarch32r-linux-gnusf-v2.0/bin/../lib/gcc/loongarch32r-linux-gnusf/8.3.0/../../../../loongarch32r-linux-gnusf/bin/ld: cannot find -lc
/home/cyh/chiplab/toolchains/loongarch32r-linux-gnusf-v2.0/bin/../lib/gcc/loongarch32r-linux-gnusf/8.3.0/../../../../loongarch32r-linux-gnusf/bin/ld: cannot find -lgcc_s
/home/cyh/chiplab/toolchains/loongarch32r-linux-gnusf-v2.0/bin/../lib/gcc/loongarch32r-linux-gnusf/8.3.0/../../../../loongarch32r-linux-gnusf/bin/ld: cannot find crtn.o: No such file or directory
collect2: error: ld returned 1 exit status


Detecting CXX compiler ABI info failed to compile with the following output:
Change Dir: /home/cyh/chiplab/build/CMakeFiles/CMakeTmp

Run Build Command(s):/usr/bin/ninja cmTC_68428 && [1/2] Building CXX object CMakeFiles/cmTC_68428.dir/CMakeCXXCompilerABI.cpp.o
Using built-in specs.
COLLECT_GCC=/home/cyh/chiplab/toolchains/loongarch32r-linux-gnusf-v2.0/bin/loongarch32r-linux-gnusf-g++
Target: loongarch32r-linux-gnusf
Configured with: /dev/shm/build_loongarch32r-linux-gnusf_x86_64_v2.0_20230903/src/target_gcc/configure --build=x86_64-redhat-linux --host=x86_64-linux-gnu --target=loongarch32r-linux-gnusf --prefix=/dev/shm/build_loongarch32r-linux-gnusf_x86_64_v2.0_20230903/build-canadian/root/usr --with-sysroot=/dev/shm/build_loongarch32r-linux-gnusf_x86_64_v2.0_20230903/build-canadian/root/usr/loongarch32r-linux-gnusf/sysroot --with-native-system-header-dir=/usr/include --with-gxx-include-dir=/dev/shm/build_loongarch32r-linux-gnusf_x86_64_v2.0_20230903/build-canadian/root/usr/loongarch32r-linux-gnusf/sysroot/usr/include/c++ --enable-languages=c,c++,fortran --with-build-sysroot= --disable-libstdcxx --disable-libgfortran --disable-libgomp --enable-libcc1 --enable-threads=posix --enable-__cxa_atexit --enable-initfini-array --enable-nls --disable-libmpx --disable-bootstrap --with-abi=ilp32s --enable-checking=release --with-pkgversion='LoongArch GNU toolchain LA32 v2.0 (20230903)'
Thread model: posix
gcc version 8.3.0 (LoongArch GNU toolchain LA32 v2.0 (20230903)) 
COLLECT_GCC_OPTIONS='-v' '-o' 'CMakeFiles/cmTC_68428.dir/CMakeCXXCompilerABI.cpp.o' '-c' '-shared-libgcc' '-mabi=ilp32s' '-march=loongarch32r' '-mfpu=none' '-msimd=none' '-mcmodel=normal' '-mtune=loongarch32r'
 /home/cyh/chiplab/toolchains/loongarch32r-linux-gnusf-v2.0/bin/../libexec/gcc/loongarch32r-linux-gnusf/8.3.0/cc1plus -quiet -v -imultilib base/ilp32s -iprefix /home/cyh/chiplab/toolchains/loongarch32r-linux-gnusf-v2.0/bin/../lib/gcc/loongarch32r-linux-gnusf/8.3.0/ -isysroot /home/cyh/chiplab/toolchains/loongarch32r-linux-gnusf-v2.0/bin/../loongarch32r-linux-gnusf/sysroot -D_GNU_SOURCE /usr/share/cmake-3.22/Modules/CMakeCXXCompilerABI.cpp -quiet -dumpbase CMakeCXXCompilerABI.cpp -mabi=ilp32s -march=loongarch32r -mfpu=none -msimd=none -mcmodel=normal -mtune=loongarch32r -auxbase-strip CMakeFiles/cmTC_68428.dir/CMakeCXXCompilerABI.cpp.o -version -o /tmp/cc7HzUWg.s
GNU C++14 (LoongArch GNU toolchain LA32 v2.0 (20230903)) version 8.3.0 (loongarch32r-linux-gnusf)
	compiled by GNU C version 8.5.0, GMP version 6.1.0, MPFR version 3.1.4, MPC version 1.0.3, isl version isl-0.18-GMP

GGC heuristics: --param ggc-min-expand=100 --param ggc-min-heapsize=131072
ignoring nonexistent directory "/home/cyh/chiplab/toolchains/loongarch32r-linux-gnusf-v2.0/bin/../lib/gcc/loongarch32r-linux-gnusf/8.3.0/../../../../loongarch32r-linux-gnusf/include"
ignoring nonexistent directory "/home/cyh/chiplab/toolchains/loongarch32r-linux-gnusf-v2.0/bin/../loongarch32r-linux-gnusf/sysroot/usr/include/c++/loongarch32r-linux-gnusf/base/ilp32s"
ignoring duplicate directory "/home/cyh/chiplab/toolchains/loongarch32r-linux-gnusf-v2.0/lib/gcc/loongarch32r-linux-gnusf/8.3.0/include"
ignoring nonexistent directory "/home/cyh/chiplab/toolchains/loongarch32r-linux-gnusf-v2.0/bin/../loongarch32r-linux-gnusf/sysroot/usr/local/include"
ignoring duplicate directory "/home/cyh/chiplab/toolchains/loongarch32r-linux-gnusf-v2.0/lib/gcc/loongarch32r-linux-gnusf/8.3.0/include-fixed"
ignoring nonexistent directory "/home/cyh/chiplab/toolchains/loongarch32r-linux-gnusf-v2.0/bin/../lib/gcc/../../lib/gcc/loongarch32r-linux-gnusf/8.3.0/../../../../loongarch32r-linux-gnusf/include"
#include "..." search starts here:
#include <...> search starts here:
 /home/cyh/chiplab/toolchains/loongarch32r-linux-gnusf-v2.0/lib/gcc/loongarch32r-linux-gnusf/8.3.0/include
 /home/cyh/chiplab/toolchains/loongarch32r-linux-gnusf-v2.0/lib/gcc/loongarch32r-linux-gnusf/8.3.0/include-fixed
 /home/cyh/chiplab/toolchains/loongarch32r-linux-gnusf-v2.0/loongarch32r-linux-gnusf/sysroot/usr/include/c++
 /home/cyh/chiplab/toolchains/loongarch32r-linux-gnusf-v2.0/loongarch32r-linux-gnusf/sysroot/usr/include/c++/backward
 /home/cyh/chiplab/toolchains/loongarch32r-linux-gnusf-v2.0/loongarch32r-linux-gnusf/sysroot/usr/include
End of search list.
GNU C++14 (LoongArch GNU toolchain LA32 v2.0 (20230903)) version 8.3.0 (loongarch32r-linux-gnusf)
	compiled by GNU C version 8.5.0, GMP version 6.1.0, MPFR version 3.1.4, MPC version 1.0.3, isl version isl-0.18-GMP

GGC heuristics: --param ggc-min-expand=100 --param ggc-min-heapsize=131072
Compiler executable checksum: 67bf4a30d1e74b930012b20c1eaf82de
COLLECT_GCC_OPTIONS='-v' '-o' 'CMakeFiles/cmTC_68428.dir/CMakeCXXCompilerABI.cpp.o' '-c' '-shared-libgcc' '-mabi=ilp32s' '-march=loongarch32r' '-mfpu=none' '-msimd=none' '-mcmodel=normal' '-mtune=loongarch32r'
 /home/cyh/chiplab/toolchains/loongarch32r-linux-gnusf-v2.0/bin/../lib/gcc/loongarch32r-linux-gnusf/8.3.0/../../../../loongarch32r-linux-gnusf/bin/as -v -mabi=ilp32 -o CMakeFiles/cmTC_68428.dir/CMakeCXXCompilerABI.cpp.o /tmp/cc7HzUWg.s
GNU assembler version 2.31.1 (loongarch32r-linux-gnusf) using BFD version (LoongArch GNU toolchain LA32 v2.0 20230903) 2.31.1.20190122
COMPILER_PATH=/home/cyh/chiplab/toolchains/loongarch32r-linux-gnusf-v2.0/bin/../libexec/gcc/loongarch32r-linux-gnusf/8.3.0/:/home/cyh/chiplab/toolchains/loongarch32r-linux-gnusf-v2.0/bin/../libexec/gcc/:/home/cyh/chiplab/toolchains/loongarch32r-linux-gnusf-v2.0/bin/../lib/gcc/loongarch32r-linux-gnusf/8.3.0/../../../../loongarch32r-linux-gnusf/bin/
LIBRARY_PATH=/home/cyh/chiplab/toolchains/loongarch32r-linux-gnusf-v2.0/bin/../lib/gcc/loongarch32r-linux-gnusf/8.3.0/:/home/cyh/chiplab/toolchains/loongarch32r-linux-gnusf-v2.0/bin/../lib/gcc/:/home/cyh/chiplab/toolchains/loongarch32r-linux-gnusf-v2.0/bin/../lib/gcc/loongarch32r-linux-gnusf/8.3.0/../../../../loongarch32r-linux-gnusf/lib/
COLLECT_GCC_OPTIONS='-v' '-o' 'CMakeFiles/cmTC_68428.dir/CMakeCXXCompilerABI.cpp.o' '-c' '-shared-libgcc' '-mabi=ilp32s' '-march=loongarch32r' '-mfpu=none' '-msimd=none' '-mcmodel=normal' '-mtune=loongarch32r'
[2/2] Linking CXX executable cmTC_68428
FAILED: cmTC_68428 
: && /home/cyh/chiplab/toolchains/loongarch32r-linux-gnusf-v2.0/bin/loongarch32r-linux-gnusf-g++  -v CMakeFiles/cmTC_68428.dir/CMakeCXXCompilerABI.cpp.o -o cmTC_68428   && :
Using built-in specs.
COLLECT_GCC=/home/cyh/chiplab/toolchains/loongarch32r-linux-gnusf-v2.0/bin/loongarch32r-linux-gnusf-g++
COLLECT_LTO_WRAPPER=/home/cyh/chiplab/toolchains/loongarch32r-linux-gnusf-v2.0/bin/../libexec/gcc/loongarch32r-linux-gnusf/8.3.0/lto-wrapper
Target: loongarch32r-linux-gnusf
Configured with: /dev/shm/build_loongarch32r-linux-gnusf_x86_64_v2.0_20230903/src/target_gcc/configure --build=x86_64-redhat-linux --host=x86_64-linux-gnu --target=loongarch32r-linux-gnusf --prefix=/dev/shm/build_loongarch32r-linux-gnusf_x86_64_v2.0_20230903/build-canadian/root/usr --with-sysroot=/dev/shm/build_loongarch32r-linux-gnusf_x86_64_v2.0_20230903/build-canadian/root/usr/loongarch32r-linux-gnusf/sysroot --with-native-system-header-dir=/usr/include --with-gxx-include-dir=/dev/shm/build_loongarch32r-linux-gnusf_x86_64_v2.0_20230903/build-canadian/root/usr/loongarch32r-linux-gnusf/sysroot/usr/include/c++ --enable-languages=c,c++,fortran --with-build-sysroot= --disable-libstdcxx --disable-libgfortran --disable-libgomp --enable-libcc1 --enable-threads=posix --enable-__cxa_atexit --enable-initfini-array --enable-nls --disable-libmpx --disable-bootstrap --with-abi=ilp32s --enable-checking=release --with-pkgversion='LoongArch GNU toolchain LA32 v2.0 (20230903)'
Thread model: posix
gcc version 8.3.0 (LoongArch GNU toolchain LA32 v2.0 (20230903)) 
COMPILER_PATH=/home/cyh/chiplab/toolchains/loongarch32r-linux-gnusf-v2.0/bin/../libexec/gcc/loongarch32r-linux-gnusf/8.3.0/:/home/cyh/chiplab/toolchains/loongarch32r-linux-gnusf-v2.0/bin/../libexec/gcc/:/home/cyh/chiplab/toolchains/loongarch32r-linux-gnusf-v2.0/bin/../lib/gcc/loongarch32r-linux-gnusf/8.3.0/../../../../loongarch32r-linux-gnusf/bin/
LIBRARY_PATH=/home/cyh/chiplab/toolchains/loongarch32r-linux-gnusf-v2.0/bin/../lib/gcc/loongarch32r-linux-gnusf/8.3.0/:/home/cyh/chiplab/toolchains/loongarch32r-linux-gnusf-v2.0/bin/../lib/gcc/:/home/cyh/chiplab/toolchains/loongarch32r-linux-gnusf-v2.0/bin/../lib/gcc/loongarch32r-linux-gnusf/8.3.0/../../../../loongarch32r-linux-gnusf/lib/
COLLECT_GCC_OPTIONS='-v' '-o' 'cmTC_68428' '-shared-libgcc' '-mabi=ilp32s' '-march=loongarch32r' '-mfpu=none' '-msimd=none' '-mcmodel=normal' '-mtune=loongarch32r'
 /home/cyh/chiplab/toolchains/loongarch32r-linux-gnusf-v2.0/bin/../libexec/gcc/loongarch32r-linux-gnusf/8.3.0/collect2 --sysroot=/home/cyh/chiplab/toolchains/loongarch32r-linux-gnusf-v2.0/bin/../loongarch32r-linux-gnusf/sysroot --eh-frame-hdr -m elf32loongarch -dynamic-linker /lib32/ld-linux-loongarch-ilp32s.so.1 -o cmTC_68428 crt1.o crti.o /home/cyh/chiplab/toolchains/loongarch32r-linux-gnusf-v2.0/bin/../lib/gcc/loongarch32r-linux-gnusf/8.3.0/crtbegin.o -L/home/cyh/chiplab/toolchains/loongarch32r-linux-gnusf-v2.0/bin/../lib/gcc/loongarch32r-linux-gnusf/8.3.0 -L/home/cyh/chiplab/toolchains/loongarch32r-linux-gnusf-v2.0/bin/../lib/gcc -L/home/cyh/chiplab/toolchains/loongarch32r-linux-gnusf-v2.0/bin/../lib/gcc/loongarch32r-linux-gnusf/8.3.0/../../../../loongarch32r-linux-gnusf/lib CMakeFiles/cmTC_68428.dir/CMakeCXXCompilerABI.cpp.o -lstdc++ -lm -lgcc_s -lgcc -lc -lgcc_s -lgcc /home/cyh/chiplab/toolchains/loongarch32r-linux-gnusf-v2.0/bin/../lib/gcc/loongarch32r-linux-gnusf/8.3.0/crtend.o crtn.o
/home/cyh/chiplab/toolchains/loongarch32r-linux-gnusf-v2.0/bin/../lib/gcc/loongarch32r-linux-gnusf/8.3.0/../../../../loongarch32r-linux-gnusf/bin/ld: cannot find crt1.o: No such file or directory
/home/cyh/chiplab/toolchains/loongarch32r-linux-gnusf-v2.0/bin/../lib/gcc/loongarch32r-linux-gnusf/8.3.0/../../../../loongarch32r-linux-gnusf/bin/ld: cannot find crti.o: No such file or directory
/home/cyh/chiplab/toolchains/loongarch32r-linux-gnusf-v2.0/bin/../lib/gcc/loongarch32r-linux-gnusf/8.3.0/../../../../loongarch32r-linux-gnusf/bin/ld: cannot find -lstdc++
/home/cyh/chiplab/toolchains/loongarch32r-linux-gnusf-v2.0/bin/../lib/gcc/loongarch32r-linux-gnusf/8.3.0/../../../../loongarch32r-linux-gnusf/bin/ld: cannot find -lm
/home/cyh/chiplab/toolchains/loongarch32r-linux-gnusf-v2.0/bin/../lib/gcc/loongarch32r-linux-gnusf/8.3.0/../../../../loongarch32r-linux-gnusf/bin/ld: cannot find -lgcc_s
/home/cyh/chiplab/toolchains/loongarch32r-linux-gnusf-v2.0/bin/../lib/gcc/loongarch32r-linux-gnusf/8.3.0/../../../../loongarch32r-linux-gnusf/bin/ld: cannot find -lc
/home/cyh/chiplab/toolchains/loongarch32r-linux-gnusf-v2.0/bin/../lib/gcc/loongarch32r-linux-gnusf/8.3.0/../../../../loongarch32r-linux-gnusf/bin/ld: cannot find -lgcc_s
/home/cyh/chiplab/toolchains/loongarch32r-linux-gnusf-v2.0/bin/../lib/gcc/loongarch32r-linux-gnusf/8.3.0/../../../../loongarch32r-linux-gnusf/bin/ld: cannot find crtn.o: No such file or directory
collect2: error: ld returned 1 exit status
ninja: build stopped: subcommand failed.




Determining if the CXX compiler works failed with the following output:
Change Dir: /home/cyh/chiplab/build/CMakeFiles/CMakeTmp

Run Build Command(s):/usr/bin/ninja cmTC_c1209 && [1/2] Building CXX object CMakeFiles/cmTC_c1209.dir/testCXXCompiler.cxx.o
[2/2] Linking CXX executable cmTC_c1209
FAILED: cmTC_c1209 
: && /home/cyh/chiplab/toolchains/loongarch32r-linux-gnusf-v2.0/bin/loongarch32r-linux-gnusf-g++   CMakeFiles/cmTC_c1209.dir/testCXXCompiler.cxx.o -o cmTC_c1209   && :
/home/cyh/chiplab/toolchains/loongarch32r-linux-gnusf-v2.0/bin/../lib/gcc/loongarch32r-linux-gnusf/8.3.0/../../../../loongarch32r-linux-gnusf/bin/ld: cannot find crt1.o: No such file or directory
/home/cyh/chiplab/toolchains/loongarch32r-linux-gnusf-v2.0/bin/../lib/gcc/loongarch32r-linux-gnusf/8.3.0/../../../../loongarch32r-linux-gnusf/bin/ld: cannot find crti.o: No such file or directory
/home/cyh/chiplab/toolchains/loongarch32r-linux-gnusf-v2.0/bin/../lib/gcc/loongarch32r-linux-gnusf/8.3.0/../../../../loongarch32r-linux-gnusf/bin/ld: cannot find -lstdc++
/home/cyh/chiplab/toolchains/loongarch32r-linux-gnusf-v2.0/bin/../lib/gcc/loongarch32r-linux-gnusf/8.3.0/../../../../loongarch32r-linux-gnusf/bin/ld: cannot find -lm
/home/cyh/chiplab/toolchains/loongarch32r-linux-gnusf-v2.0/bin/../lib/gcc/loongarch32r-linux-gnusf/8.3.0/../../../../loongarch32r-linux-gnusf/bin/ld: cannot find -lgcc_s
/home/cyh/chiplab/toolchains/loongarch32r-linux-gnusf-v2.0/bin/../lib/gcc/loongarch32r-linux-gnusf/8.3.0/../../../../loongarch32r-linux-gnusf/bin/ld: cannot find -lc
/home/cyh/chiplab/toolchains/loongarch32r-linux-gnusf-v2.0/bin/../lib/gcc/loongarch32r-linux-gnusf/8.3.0/../../../../loongarch32r-linux-gnusf/bin/ld: cannot find -lgcc_s
/home/cyh/chiplab/toolchains/loongarch32r-linux-gnusf-v2.0/bin/../lib/gcc/loongarch32r-linux-gnusf/8.3.0/../../../../loongarch32r-linux-gnusf/bin/ld: cannot find crtn.o: No such file or directory
collect2: error: ld returned 1 exit status
ninja: build stopped: subcommand failed.



